Log file open, 02/12/20 17:23:02
LogWindows: Failed to load 'aqProf.dll' (GetLastError=126)
LogWindows: File 'aqProf.dll' does not exist
LogWindows: Failed to load 'VtuneApi.dll' (GetLastError=126)
LogWindows: File 'VtuneApi.dll' does not exist
LogWindows: Failed to load 'VtuneApi32e.dll' (GetLastError=126)
LogWindows: File 'VtuneApi32e.dll' does not exist
LogConsoleResponse: Display: Failed to find resolution value strings in scalability ini. Falling back to default.
LogInit: Display: Running engine for game: LightsOut
LogPakFile: Registered encryption key '00000000000000000000000000000000': 0 pak files mounted, 0 remain pending
LogPlatformFile: Not using cached read wrapper
LogTaskGraph: Started task graph with 5 named threads and 14 total threads with 3 sets of task threads.
LogStats: Stats thread started at 0.445775
LogD3D11RHI: Loaded GFSDK_Aftermath_Lib.x64.dll
LogWindows: Failed to load '../../../Engine/Binaries/ThirdParty/libsndfile/Win64/libsndfile-1.dll' (GetLastError=126)
LogWindows: File '../../../Engine/Binaries/ThirdParty/libsndfile/Win64/libsndfile-1.dll' does not exist
LogAudioMixer: Display: Failed to load Sound File dll
LogAudioEditor: Display: LibSoundFile failed to load. Importing audio will not work correctly.
LogICUInternationalization: ICU TimeZone Detection - Raw Offset: -8:00, Platform Override: ''
LogPluginManager: Mounting plugin Paper2D
LogPluginManager: Mounting plugin AISupport
LogPluginManager: Mounting plugin LightPropagationVolume
LogPluginManager: Mounting plugin ActorLayerUtilities
LogPluginManager: Mounting plugin AnimationSharing
LogPluginManager: Mounting plugin CLionSourceCodeAccess
LogPluginManager: Mounting plugin CodeLiteSourceCodeAccess
LogPluginManager: Mounting plugin GitSourceControl
LogPluginManager: Mounting plugin KDevelopSourceCodeAccess
LogPluginManager: Mounting plugin NullSourceCodeAccess
LogPluginManager: Mounting plugin PerforceSourceControl
LogPluginManager: Mounting plugin SubversionSourceControl
LogPluginManager: Mounting plugin UObjectPlugin
LogPluginManager: Mounting plugin VisualStudioCodeSourceCodeAccess
LogPluginManager: Mounting plugin VisualStudioSourceCodeAccess
LogPluginManager: Mounting plugin XCodeSourceCodeAccess
LogPluginManager: Mounting plugin AssetManagerEditor
LogPluginManager: Mounting plugin CryptoKeys
LogPluginManager: Mounting plugin DataValidation
LogPluginManager: Mounting plugin FacialAnimation
LogPluginManager: Mounting plugin GameplayTagsEditor
LogPluginManager: Mounting plugin MacGraphicsSwitching
LogPluginManager: Mounting plugin MaterialAnalyzer
LogPluginManager: Mounting plugin MobileLauncherProfileWizard
LogPluginManager: Mounting plugin PluginBrowser
LogPluginManager: Mounting plugin SpeedTreeImporter
LogPluginManager: Mounting plugin DatasmithContent
LogPluginManager: Mounting plugin VariantManagerContent
LogPluginManager: Mounting plugin AlembicImporter
LogPluginManager: Mounting plugin AppleImageUtils
LogPluginManager: Mounting plugin AppleVision
LogPluginManager: Mounting plugin BackChannel
LogPluginManager: Mounting plugin CharacterAI
LogPluginManager: Mounting plugin GeometryCache
LogPluginManager: Mounting plugin HTML5Networking
LogPluginManager: Mounting plugin ProxyLODPlugin
LogPluginManager: Mounting plugin SkeletalReduction
LogPluginManager: Mounting plugin MagicLeap
LogPluginManager: Mounting plugin MagicLeapMedia
LogPluginManager: Mounting plugin AndroidMedia
LogPluginManager: Mounting plugin AvfMedia
LogPluginManager: Mounting plugin ImgMedia
LogPluginManager: Mounting plugin LinearTimecode
LogPluginManager: Mounting plugin MediaCompositing
LogPluginManager: Mounting plugin MediaPlayerEditor
LogPluginManager: Mounting plugin WebMMedia
LogPluginManager: Mounting plugin WmfMedia
LogPluginManager: Mounting plugin TcpMessaging
LogPluginManager: Mounting plugin UdpMessaging
LogPluginManager: Mounting plugin ActorSequence
LogPluginManager: Mounting plugin LevelSequenceEditor
LogPluginManager: Mounting plugin MatineeToLevelSequence
LogPluginManager: Mounting plugin NetcodeUnitTest
LogPluginManager: Mounting plugin NUTUnrealEngine4
LogPluginManager: Mounting plugin OnlineSubsystemGooglePlay
LogPluginManager: Mounting plugin OnlineSubsystemIOS
LogPluginManager: Mounting plugin OnlineSubsystem
LogPluginManager: Mounting plugin OnlineSubsystemNull
LogPluginManager: Mounting plugin OnlineSubsystemUtils
LogPluginManager: Mounting plugin LauncherChunkInstaller
LogPluginManager: Mounting plugin AndroidDeviceProfileSelector
LogPluginManager: Mounting plugin AndroidMoviePlayer
LogPluginManager: Mounting plugin AndroidPermission
LogPluginManager: Mounting plugin AppleMoviePlayer
LogPluginManager: Mounting plugin ArchVisCharacter
LogPluginManager: Mounting plugin AudioCapture
LogPluginManager: Mounting plugin CableComponent
LogPluginManager: Mounting plugin CustomMeshComponent
LogPluginManager: Mounting plugin EditableMesh
LogPluginManager: Mounting plugin ExampleDeviceProfileSelector
LogPluginManager: Mounting plugin Firebase
LogPluginManager: Mounting plugin GoogleCloudMessaging
LogPluginManager: Mounting plugin IOSDeviceProfileSelector
LogPluginManager: Mounting plugin LinuxDeviceProfileSelector
LogPluginManager: Mounting plugin LocationServicesBPLibrary
LogPluginManager: Mounting plugin MobilePatchingUtils
LogPluginManager: Mounting plugin OculusVR
LogPluginManager: Mounting plugin PhysXVehicles
LogPluginManager: Mounting plugin ProceduralMeshComponent
LogPluginManager: Mounting plugin RuntimePhysXCooking
LogPluginManager: Mounting plugin SignificanceManager
LogPluginManager: Mounting plugin SteamVR
LogPluginManager: Mounting plugin WebMMoviePlayer
LogPluginManager: Mounting plugin WindowsMoviePlayer
LogInit: Using libcurl 7.55.1-DEV
LogInit:  - built for x86_64-pc-win32
LogInit:  - supports SSL with OpenSSL/1.1.1
LogInit:  - supports HTTP deflate (compression) using libz 1.2.8
LogInit:  - other features:
LogInit:      CURL_VERSION_SSL
LogInit:      CURL_VERSION_LIBZ
LogInit:      CURL_VERSION_IPV6
LogInit:      CURL_VERSION_ASYNCHDNS
LogInit:      CURL_VERSION_LARGEFILE
LogInit:      CURL_VERSION_IDN
LogInit:  CurlRequestOptions (configurable via config and command line):
LogInit:  - bVerifyPeer = true  - Libcurl will verify peer certificate
LogInit:  - bUseHttpProxy = false  - Libcurl will NOT use HTTP proxy
LogInit:  - bDontReuseConnections = false  - Libcurl will reuse connections
LogInit:  - MaxHostConnections = 16  - Libcurl will limit the number of connections to a host
LogInit:  - LocalHostAddr = Default
LogInit:  - BufferSize = 65536
LogInit: WinSock: version 1.1 (2.2), MaxSocks=32767, MaxUdp=65467
LogInit: Build: ++UE4+Release-4.22-CL-5660361
LogInit: Engine Version: 4.22.0-5660361+++UE4+Release-4.22
LogInit: Compatible Engine Version: 4.22.0-5660361+++UE4+Release-4.22
LogInit: Net CL: 5660361
LogInit: OS: Windows 10 (Release 1803) (), CPU: Intel(R) Xeon(R) Gold 6148 CPU @ 2.40GHz, GPU: NVIDIA GRID P100-1B
LogInit: Compiled (64-bit): Mar 31 2019 02:05:09
LogInit: Compiled with Visual C++: 19.16.27025.01
LogInit: Build Configuration: Development
LogInit: Branch Name: ++UE4+Release-4.22
LogInit: Command Line:  -game
LogInit: Base Directory: C:/Program Files/Epic Games/UE_4.22/Engine/Binaries/Win64/
LogInit: Installed Engine Build: 1
LogDevObjectVersion: Number of dev versions registered: 23
LogDevObjectVersion:   Dev-Blueprints (B0D832E4-1F89-4F0D-ACCF-7EB736FD4AA2): 10
LogDevObjectVersion:   Dev-Build (E1C64328-A22C-4D53-A36C-8E866417BD8C): 0
LogDevObjectVersion:   Dev-Core (375EC13C-06E4-48FB-B500-84F0262A717E): 3
LogDevObjectVersion:   Dev-Editor (E4B068ED-F494-42E9-A231-DA0B2E46BB41): 30
LogDevObjectVersion:   Dev-Framework (CFFC743F-43B0-4480-9391-14DF171D2073): 35
LogDevObjectVersion:   Dev-Mobile (B02B49B5-BB20-44E9-A304-32B752E40360): 2
LogDevObjectVersion:   Dev-Networking (A4E4105C-59A1-49B5-A7C5-40C4547EDFEE): 0
LogDevObjectVersion:   Dev-Online (39C831C9-5AE6-47DC-9A44-9C173E1C8E7C): 0
LogDevObjectVersion:   Dev-Physics (78F01B33-EBEA-4F98-B9B4-84EACCB95AA2): 0
LogDevObjectVersion:   Dev-Platform (6631380F-2D4D-43E0-8009-CF276956A95A): 0
LogDevObjectVersion:   Dev-Rendering (12F88B9F-8875-4AFC-A67C-D90C383ABD29): 28
LogDevObjectVersion:   Dev-Sequencer (7B5AE74C-D270-4C10-A958-57980B212A5A): 11
LogDevObjectVersion:   Dev-VR (D7296918-1DD6-4BDD-9DE2-64A83CC13884): 2
LogDevObjectVersion:   Dev-LoadTimes (C2A15278-BFE7-4AFE-6C17-90FF531DF755): 1
LogDevObjectVersion:   Private-Geometry (6EACA3D4-40EC-4CC1-B786-8BED09428FC5): 3
LogDevObjectVersion:   Dev-AnimPhys (29E575DD-E0A3-4627-9D10-D276232CDCEA): 17
LogDevObjectVersion:   Dev-Anim (AF43A65D-7FD3-4947-9873-3E8ED9C1BB05): 2
LogDevObjectVersion:   Dev-ReflectionCapture (6B266CEC-1EC7-4B8F-A30B-E4D90942FC07): 1
LogDevObjectVersion:   Dev-Automation (0DF73D61-A23F-47EA-B727-89E90C41499A): 1
LogDevObjectVersion:   FortniteMain (601D1886-AC64-4F84-AA16-D3DE0DEAC7D6): 25
LogDevObjectVersion:   Dev-Enterprise (9DFFBCD6-494F-0158-E221-12823C92A888): 6
LogDevObjectVersion:   Dev-Niagara (F2AED0AC-9AFE-416F-8664-AA7FFA26D6FC): 1
LogDevObjectVersion:   Dev-Destruction (174F1F0B-B4C6-45A5-B13F-2EE8D0FB917D): 2
LogInit: Presizing for max 16777216 objects, including 0 objects not considered by GC, pre-allocating 0 bytes for permanent pool.
LogInit: Object subsystem initialized
LogConfig: Setting CVar [[con.DebugEarlyDefault:1]]
LogConfig: Setting CVar [[r.setres:1280x720]]
[2020.02.13-01.23.03:858][  0]LogConfig: Setting CVar [[con.DebugEarlyDefault:1]]
[2020.02.13-01.23.03:858][  0]LogConfig: Setting CVar [[r.setres:1280x720]]
[2020.02.13-01.23.03:858][  0]LogConfig: Applying CVar settings from Section [/Script/Engine.RendererSettings] File [C:/Users/campbeld21/Documents/GitHub/arcade-game-lightsout/LightsOut/Saved/Config/Windows/Engine.ini]
[2020.02.13-01.23.03:858][  0]LogConfig: Setting CVar [[r.GPUCrashDebugging:0]]
[2020.02.13-01.23.03:858][  0]LogConfig: Applying CVar settings from Section [/Script/Engine.RendererOverrideSettings] File [C:/Users/campbeld21/Documents/GitHub/arcade-game-lightsout/LightsOut/Saved/Config/Windows/Engine.ini]
[2020.02.13-01.23.03:858][  0]LogConfig: Applying CVar settings from Section [/Script/Engine.StreamingSettings] File [C:/Users/campbeld21/Documents/GitHub/arcade-game-lightsout/LightsOut/Saved/Config/Windows/Engine.ini]
[2020.02.13-01.23.03:858][  0]LogConfig: Setting CVar [[s.MinBulkDataSizeForAsyncLoading:131072]]
[2020.02.13-01.23.03:858][  0]LogConfig: Setting CVar [[s.AsyncLoadingThreadEnabled:0]]
[2020.02.13-01.23.03:858][  0]LogConfig: Setting CVar [[s.EventDrivenLoaderEnabled:1]]
[2020.02.13-01.23.03:858][  0]LogConfig: Setting CVar [[s.WarnIfTimeLimitExceeded:0]]
[2020.02.13-01.23.03:858][  0]LogConfig: Setting CVar [[s.TimeLimitExceededMultiplier:1.5]]
[2020.02.13-01.23.03:858][  0]LogConfig: Setting CVar [[s.TimeLimitExceededMinTime:0.005]]
[2020.02.13-01.23.03:858][  0]LogConfig: Setting CVar [[s.UseBackgroundLevelStreaming:1]]
[2020.02.13-01.23.03:858][  0]LogConfig: Setting CVar [[s.PriorityAsyncLoadingExtraTime:15.0]]
[2020.02.13-01.23.03:859][  0]LogConfig: Setting CVar [[s.LevelStreamingActorsUpdateTimeLimit:5.0]]
[2020.02.13-01.23.03:859][  0]LogConfig: Setting CVar [[s.PriorityLevelStreamingActorsUpdateExtraTime:5.0]]
[2020.02.13-01.23.03:859][  0]LogConfig: Setting CVar [[s.LevelStreamingComponentsRegistrationGranularity:10]]
[2020.02.13-01.23.03:859][  0]LogConfig: Setting CVar [[s.UnregisterComponentsTimeLimit:1.0]]
[2020.02.13-01.23.03:859][  0]LogConfig: Setting CVar [[s.LevelStreamingComponentsUnregistrationGranularity:5]]
[2020.02.13-01.23.03:859][  0]LogConfig: Applying CVar settings from Section [/Script/Engine.GarbageCollectionSettings] File [C:/Users/campbeld21/Documents/GitHub/arcade-game-lightsout/LightsOut/Saved/Config/Windows/Engine.ini]
[2020.02.13-01.23.03:859][  0]LogConfig: Setting CVar [[gc.MaxObjectsNotConsideredByGC:1]]
[2020.02.13-01.23.03:859][  0]LogConfig: Setting CVar [[gc.SizeOfPermanentObjectPool:0]]
[2020.02.13-01.23.03:859][  0]LogConfig: Setting CVar [[gc.FlushStreamingOnGC:0]]
[2020.02.13-01.23.03:859][  0]LogConfig: Setting CVar [[gc.NumRetriesBeforeForcingGC:10]]
[2020.02.13-01.23.03:859][  0]LogConfig: Setting CVar [[gc.AllowParallelGC:1]]
[2020.02.13-01.23.03:859][  0]LogConfig: Setting CVar [[gc.TimeBetweenPurgingPendingKillObjects:61.1]]
[2020.02.13-01.23.03:859][  0]LogConfig: Setting CVar [[gc.MaxObjectsInEditor:16777216]]
[2020.02.13-01.23.03:859][  0]LogConfig: Setting CVar [[gc.IncrementalBeginDestroyEnabled:1]]
[2020.02.13-01.23.03:859][  0]LogConfig: Setting CVar [[gc.CreateGCClusters:1]]
[2020.02.13-01.23.03:859][  0]LogConfig: Setting CVar [[gc.MinGCClusterSize:5]]
[2020.02.13-01.23.03:859][  0]LogConfig: Setting CVar [[gc.ActorClusteringEnabled:0]]
[2020.02.13-01.23.03:859][  0]LogConfig: Setting CVar [[gc.BlueprintClusteringEnabled:0]]
[2020.02.13-01.23.03:859][  0]LogConfig: Setting CVar [[gc.UseDisregardForGCOnDedicatedServers:0]]
[2020.02.13-01.23.03:859][  0]LogConfig: Applying CVar settings from Section [/Script/Engine.NetworkSettings] File [C:/Users/campbeld21/Documents/GitHub/arcade-game-lightsout/LightsOut/Saved/Config/Windows/Engine.ini]
[2020.02.13-01.23.03:859][  0]LogConfig: Applying CVar settings from Section [/Script/UnrealEd.CookerSettings] File [C:/Users/campbeld21/Documents/GitHub/arcade-game-lightsout/LightsOut/Saved/Config/Windows/Engine.ini]
[2020.02.13-01.23.03:863][  0]LogConfig: Applying CVar settings from Section [ViewDistanceQuality@3] File [C:/Users/campbeld21/Documents/GitHub/arcade-game-lightsout/LightsOut/Saved/Config/Windows/Scalability.ini]
[2020.02.13-01.23.03:863][  0]LogConfig: Setting CVar [[r.SkeletalMeshLODBias:0]]
[2020.02.13-01.23.03:863][  0]LogConfig: Setting CVar [[r.ViewDistanceScale:1.0]]
[2020.02.13-01.23.03:863][  0]LogConfig: Applying CVar settings from Section [AntiAliasingQuality@3] File [C:/Users/campbeld21/Documents/GitHub/arcade-game-lightsout/LightsOut/Saved/Config/Windows/Scalability.ini]
[2020.02.13-01.23.03:863][  0]LogConfig: Setting CVar [[r.PostProcessAAQuality:4]]
[2020.02.13-01.23.03:863][  0]LogConfig: Applying CVar settings from Section [ShadowQuality@3] File [C:/Users/campbeld21/Documents/GitHub/arcade-game-lightsout/LightsOut/Saved/Config/Windows/Scalability.ini]
[2020.02.13-01.23.03:863][  0]LogConfig: Setting CVar [[r.LightFunctionQuality:1]]
[2020.02.13-01.23.03:863][  0]LogConfig: Setting CVar [[r.ShadowQuality:5]]
[2020.02.13-01.23.03:863][  0]LogConfig: Setting CVar [[r.Shadow.CSM.MaxCascades:10]]
[2020.02.13-01.23.03:863][  0]LogConfig: Setting CVar [[r.Shadow.MaxResolution:2048]]
[2020.02.13-01.23.03:863][  0]LogConfig: Setting CVar [[r.Shadow.MaxCSMResolution:2048]]
[2020.02.13-01.23.03:863][  0]LogConfig: Setting CVar [[r.Shadow.RadiusThreshold:0.01]]
[2020.02.13-01.23.03:863][  0]LogConfig: Setting CVar [[r.Shadow.DistanceScale:1.0]]
[2020.02.13-01.23.03:863][  0]LogConfig: Setting CVar [[r.Shadow.CSM.TransitionScale:1.0]]
[2020.02.13-01.23.03:863][  0]LogConfig: Setting CVar [[r.Shadow.PreShadowResolutionFactor:1.0]]
[2020.02.13-01.23.03:863][  0]LogConfig: Setting CVar [[r.DistanceFieldShadowing:1]]
[2020.02.13-01.23.03:863][  0]LogConfig: Setting CVar [[r.DistanceFieldAO:1]]
[2020.02.13-01.23.03:863][  0]LogConfig: Setting CVar [[r.AOQuality:2]]
[2020.02.13-01.23.03:863][  0]LogConfig: Setting CVar [[r.VolumetricFog:1]]
[2020.02.13-01.23.03:863][  0]LogConfig: Setting CVar [[r.VolumetricFog.GridPixelSize:8]]
[2020.02.13-01.23.03:863][  0]LogConfig: Setting CVar [[r.VolumetricFog.GridSizeZ:128]]
[2020.02.13-01.23.03:863][  0]LogConfig: Setting CVar [[r.VolumetricFog.HistoryMissSupersampleCount:4]]
[2020.02.13-01.23.03:863][  0]LogConfig: Setting CVar [[r.LightMaxDrawDistanceScale:1]]
[2020.02.13-01.23.03:863][  0]LogConfig: Setting CVar [[r.CapsuleShadows:1]]
[2020.02.13-01.23.03:863][  0]LogConfig: Applying CVar settings from Section [PostProcessQuality@3] File [C:/Users/campbeld21/Documents/GitHub/arcade-game-lightsout/LightsOut/Saved/Config/Windows/Scalability.ini]
[2020.02.13-01.23.03:863][  0]LogConfig: Setting CVar [[r.MotionBlurQuality:4]]
[2020.02.13-01.23.03:863][  0]LogConfig: Setting CVar [[r.AmbientOcclusionMipLevelFactor:0.4]]
[2020.02.13-01.23.03:863][  0]LogConfig: Setting CVar [[r.AmbientOcclusionMaxQuality:100]]
[2020.02.13-01.23.03:863][  0]LogConfig: Setting CVar [[r.AmbientOcclusionLevels:-1]]
[2020.02.13-01.23.03:863][  0]LogConfig: Setting CVar [[r.AmbientOcclusionRadiusScale:1.0]]
[2020.02.13-01.23.03:863][  0]LogConfig: Setting CVar [[r.DepthOfFieldQuality:2]]
[2020.02.13-01.23.03:863][  0]LogConfig: Setting CVar [[r.RenderTargetPoolMin:400]]
[2020.02.13-01.23.03:863][  0]LogConfig: Setting CVar [[r.LensFlareQuality:2]]
[2020.02.13-01.23.03:863][  0]LogConfig: Setting CVar [[r.SceneColorFringeQuality:1]]
[2020.02.13-01.23.03:864][  0]LogConfig: Setting CVar [[r.EyeAdaptationQuality:2]]
[2020.02.13-01.23.03:864][  0]LogConfig: Setting CVar [[r.BloomQuality:5]]
[2020.02.13-01.23.03:864][  0]LogConfig: Setting CVar [[r.FastBlurThreshold:100]]
[2020.02.13-01.23.03:864][  0]LogConfig: Setting CVar [[r.Upscale.Quality:3]]
[2020.02.13-01.23.03:864][  0]LogConfig: Setting CVar [[r.Tonemapper.GrainQuantization:1]]
[2020.02.13-01.23.03:864][  0]LogConfig: Setting CVar [[r.LightShaftQuality:1]]
[2020.02.13-01.23.03:864][  0]LogConfig: Setting CVar [[r.Filter.SizeScale:1]]
[2020.02.13-01.23.03:864][  0]LogConfig: Setting CVar [[r.Tonemapper.Quality:5]]
[2020.02.13-01.23.03:864][  0]LogConfig: Setting CVar [[r.DOF.Gather.AccumulatorQuality:1        ; higher gathering accumulator quality]]
[2020.02.13-01.23.03:864][  0]LogConfig: Setting CVar [[r.DOF.Gather.PostfilterMethod:1          ; Median3x3 postfilering method]]
[2020.02.13-01.23.03:864][  0]LogConfig: Setting CVar [[r.DOF.Gather.EnableBokehSettings:0       ; no bokeh simulation when gathering]]
[2020.02.13-01.23.03:864][  0]LogConfig: Setting CVar [[r.DOF.Gather.RingCount:4                 ; medium number of samples when gathering]]
[2020.02.13-01.23.03:864][  0]LogConfig: Setting CVar [[r.DOF.Scatter.ForegroundCompositing:1    ; additive foreground scattering]]
[2020.02.13-01.23.03:864][  0]LogConfig: Setting CVar [[r.DOF.Scatter.BackgroundCompositing:2    ; additive background scattering]]
[2020.02.13-01.23.03:864][  0]LogConfig: Setting CVar [[r.DOF.Scatter.EnableBokehSettings:1      ; bokeh simulation when scattering]]
[2020.02.13-01.23.03:864][  0]LogConfig: Setting CVar [[r.DOF.Scatter.MaxSpriteRatio:0.1         ; only a maximum of 10% of scattered bokeh]]
[2020.02.13-01.23.03:864][  0]LogConfig: Setting CVar [[r.DOF.Recombine.Quality:1                ; cheap slight out of focus]]
[2020.02.13-01.23.03:864][  0]LogConfig: Setting CVar [[r.DOF.Recombine.EnableBokehSettings:0    ; no bokeh simulation on slight out of focus]]
[2020.02.13-01.23.03:864][  0]LogConfig: Setting CVar [[r.DOF.TemporalAAQuality:1                ; more stable temporal accumulation]]
[2020.02.13-01.23.03:864][  0]LogConfig: Setting CVar [[r.DOF.Kernel.MaxForegroundRadius:0.025]]
[2020.02.13-01.23.03:864][  0]LogConfig: Setting CVar [[r.DOF.Kernel.MaxBackgroundRadius:0.025]]
[2020.02.13-01.23.03:864][  0]LogConfig: Applying CVar settings from Section [TextureQuality@3] File [C:/Users/campbeld21/Documents/GitHub/arcade-game-lightsout/LightsOut/Saved/Config/Windows/Scalability.ini]
[2020.02.13-01.23.03:864][  0]LogConfig: Setting CVar [[r.Streaming.MipBias:0]]
[2020.02.13-01.23.03:864][  0]LogConfig: Setting CVar [[r.Streaming.AmortizeCPUToGPUCopy:0]]
[2020.02.13-01.23.03:864][  0]LogConfig: Setting CVar [[r.Streaming.MaxNumTexturesToStreamPerFrame:0]]
[2020.02.13-01.23.03:864][  0]LogConfig: Setting CVar [[r.Streaming.Boost:1]]
[2020.02.13-01.23.03:864][  0]LogConfig: Setting CVar [[r.MaxAnisotropy:8]]
[2020.02.13-01.23.03:864][  0]LogConfig: Setting CVar [[r.Streaming.LimitPoolSizeToVRAM:0]]
[2020.02.13-01.23.03:864][  0]LogConfig: Setting CVar [[r.Streaming.PoolSize:1000]]
[2020.02.13-01.23.03:864][  0]LogConfig: Setting CVar [[r.Streaming.MaxEffectiveScreenSize:0]]
[2020.02.13-01.23.03:864][  0]LogConfig: Applying CVar settings from Section [EffectsQuality@3] File [C:/Users/campbeld21/Documents/GitHub/arcade-game-lightsout/LightsOut/Saved/Config/Windows/Scalability.ini]
[2020.02.13-01.23.03:864][  0]LogConfig: Setting CVar [[r.TranslucencyLightingVolumeDim:64]]
[2020.02.13-01.23.03:864][  0]LogConfig: Setting CVar [[r.RefractionQuality:2]]
[2020.02.13-01.23.03:864][  0]LogConfig: Setting CVar [[r.SSR.Quality:3]]
[2020.02.13-01.23.03:864][  0]LogConfig: Setting CVar [[r.SceneColorFormat:4]]
[2020.02.13-01.23.03:864][  0]LogConfig: Setting CVar [[r.DetailMode:2]]
[2020.02.13-01.23.03:864][  0]LogConfig: Setting CVar [[r.TranslucencyVolumeBlur:1]]
[2020.02.13-01.23.03:864][  0]LogConfig: Setting CVar [[r.MaterialQualityLevel:1 ; High quality]]
[2020.02.13-01.23.03:864][  0]LogConfig: Setting CVar [[r.SSS.Scale:1]]
[2020.02.13-01.23.03:864][  0]LogConfig: Setting CVar [[r.SSS.SampleSet:2]]
[2020.02.13-01.23.03:864][  0]LogConfig: Setting CVar [[r.SSS.Quality:1]]
[2020.02.13-01.23.03:864][  0]LogConfig: Setting CVar [[r.SSS.HalfRes:1]]
[2020.02.13-01.23.03:864][  0]LogConfig: Setting CVar [[r.EmitterSpawnRateScale:1.0]]
[2020.02.13-01.23.03:864][  0]LogConfig: Setting CVar [[r.ParticleLightQuality:2]]
[2020.02.13-01.23.03:864][  0]LogConfig: Applying CVar settings from Section [FoliageQuality@3] File [C:/Users/campbeld21/Documents/GitHub/arcade-game-lightsout/LightsOut/Saved/Config/Windows/Scalability.ini]
[2020.02.13-01.23.03:864][  0]LogConfig: Setting CVar [[foliage.DensityScale:1.0]]
[2020.02.13-01.23.03:864][  0]LogConfig: Setting CVar [[grass.DensityScale:1.0]]
[2020.02.13-01.23.03:864][  0]LogInit: Selected Device Profile: [Windows]
[2020.02.13-01.23.03:864][  0]LogInit: Applying CVar settings loaded from the selected device profile: [Windows]
[2020.02.13-01.23.03:883][  0]LogHAL: Display: Platform has ~ 16 GB [17179398144 / 17179869184 / 16], which maps to Larger [LargestMinGB=32, LargerMinGB=12, DefaultMinGB=8, SmallerMinGB=6, SmallestMinGB=0)
[2020.02.13-01.23.03:883][  0]LogConfig: Setting CVar [[r.Vulkan.UseRealUBs:0		; Required until we fix HLR fall-out]]
[2020.02.13-01.23.03:883][  0]LogInit: Going up to parent DeviceProfile []
[2020.02.13-01.23.03:883][  0]LogConfig: Applying CVar settings from Section [ViewDistanceQuality@3] File [C:/Users/campbeld21/Documents/GitHub/arcade-game-lightsout/LightsOut/Saved/Config/Windows/Scalability.ini]
[2020.02.13-01.23.03:883][  0]LogConfig: Setting CVar [[r.SkeletalMeshLODBias:0]]
[2020.02.13-01.23.03:883][  0]LogConfig: Setting CVar [[r.ViewDistanceScale:1.0]]
[2020.02.13-01.23.03:883][  0]LogConfig: Applying CVar settings from Section [AntiAliasingQuality@3] File [C:/Users/campbeld21/Documents/GitHub/arcade-game-lightsout/LightsOut/Saved/Config/Windows/Scalability.ini]
[2020.02.13-01.23.03:883][  0]LogConfig: Setting CVar [[r.PostProcessAAQuality:4]]
[2020.02.13-01.23.03:883][  0]LogConfig: Applying CVar settings from Section [ShadowQuality@3] File [C:/Users/campbeld21/Documents/GitHub/arcade-game-lightsout/LightsOut/Saved/Config/Windows/Scalability.ini]
[2020.02.13-01.23.03:883][  0]LogConfig: Setting CVar [[r.LightFunctionQuality:1]]
[2020.02.13-01.23.03:883][  0]LogConfig: Setting CVar [[r.ShadowQuality:5]]
[2020.02.13-01.23.03:883][  0]LogConfig: Setting CVar [[r.Shadow.CSM.MaxCascades:10]]
[2020.02.13-01.23.03:883][  0]LogConfig: Setting CVar [[r.Shadow.MaxResolution:2048]]
[2020.02.13-01.23.03:883][  0]LogConfig: Setting CVar [[r.Shadow.MaxCSMResolution:2048]]
[2020.02.13-01.23.03:883][  0]LogConfig: Setting CVar [[r.Shadow.RadiusThreshold:0.01]]
[2020.02.13-01.23.03:883][  0]LogConfig: Setting CVar [[r.Shadow.DistanceScale:1.0]]
[2020.02.13-01.23.03:883][  0]LogConfig: Setting CVar [[r.Shadow.CSM.TransitionScale:1.0]]
[2020.02.13-01.23.03:883][  0]LogConfig: Setting CVar [[r.Shadow.PreShadowResolutionFactor:1.0]]
[2020.02.13-01.23.03:883][  0]LogConfig: Setting CVar [[r.DistanceFieldShadowing:1]]
[2020.02.13-01.23.03:883][  0]LogConfig: Setting CVar [[r.DistanceFieldAO:1]]
[2020.02.13-01.23.03:883][  0]LogConfig: Setting CVar [[r.AOQuality:2]]
[2020.02.13-01.23.03:883][  0]LogConfig: Setting CVar [[r.VolumetricFog:1]]
[2020.02.13-01.23.03:883][  0]LogConfig: Setting CVar [[r.VolumetricFog.GridPixelSize:8]]
[2020.02.13-01.23.03:883][  0]LogConfig: Setting CVar [[r.VolumetricFog.GridSizeZ:128]]
[2020.02.13-01.23.03:883][  0]LogConfig: Setting CVar [[r.VolumetricFog.HistoryMissSupersampleCount:4]]
[2020.02.13-01.23.03:883][  0]LogConfig: Setting CVar [[r.LightMaxDrawDistanceScale:1]]
[2020.02.13-01.23.03:883][  0]LogConfig: Setting CVar [[r.CapsuleShadows:1]]
[2020.02.13-01.23.03:883][  0]LogConfig: Applying CVar settings from Section [PostProcessQuality@3] File [C:/Users/campbeld21/Documents/GitHub/arcade-game-lightsout/LightsOut/Saved/Config/Windows/Scalability.ini]
[2020.02.13-01.23.03:883][  0]LogConfig: Setting CVar [[r.MotionBlurQuality:4]]
[2020.02.13-01.23.03:883][  0]LogConfig: Setting CVar [[r.AmbientOcclusionMipLevelFactor:0.4]]
[2020.02.13-01.23.03:883][  0]LogConfig: Setting CVar [[r.AmbientOcclusionMaxQuality:100]]
[2020.02.13-01.23.03:883][  0]LogConfig: Setting CVar [[r.AmbientOcclusionLevels:-1]]
[2020.02.13-01.23.03:883][  0]LogConfig: Setting CVar [[r.AmbientOcclusionRadiusScale:1.0]]
[2020.02.13-01.23.03:883][  0]LogConfig: Setting CVar [[r.DepthOfFieldQuality:2]]
[2020.02.13-01.23.03:883][  0]LogConfig: Setting CVar [[r.RenderTargetPoolMin:400]]
[2020.02.13-01.23.03:883][  0]LogConfig: Setting CVar [[r.LensFlareQuality:2]]
[2020.02.13-01.23.03:883][  0]LogConfig: Setting CVar [[r.SceneColorFringeQuality:1]]
[2020.02.13-01.23.03:883][  0]LogConfig: Setting CVar [[r.EyeAdaptationQuality:2]]
[2020.02.13-01.23.03:883][  0]LogConfig: Setting CVar [[r.BloomQuality:5]]
[2020.02.13-01.23.03:884][  0]LogConfig: Setting CVar [[r.FastBlurThreshold:100]]
[2020.02.13-01.23.03:884][  0]LogConfig: Setting CVar [[r.Upscale.Quality:3]]
[2020.02.13-01.23.03:884][  0]LogConfig: Setting CVar [[r.Tonemapper.GrainQuantization:1]]
[2020.02.13-01.23.03:884][  0]LogConfig: Setting CVar [[r.LightShaftQuality:1]]
[2020.02.13-01.23.03:884][  0]LogConfig: Setting CVar [[r.Filter.SizeScale:1]]
[2020.02.13-01.23.03:884][  0]LogConfig: Setting CVar [[r.Tonemapper.Quality:5]]
[2020.02.13-01.23.03:884][  0]LogConfig: Setting CVar [[r.DOF.Gather.AccumulatorQuality:1        ; higher gathering accumulator quality]]
[2020.02.13-01.23.03:884][  0]LogConfig: Setting CVar [[r.DOF.Gather.PostfilterMethod:1          ; Median3x3 postfilering method]]
[2020.02.13-01.23.03:884][  0]LogConfig: Setting CVar [[r.DOF.Gather.EnableBokehSettings:0       ; no bokeh simulation when gathering]]
[2020.02.13-01.23.03:884][  0]LogConfig: Setting CVar [[r.DOF.Gather.RingCount:4                 ; medium number of samples when gathering]]
[2020.02.13-01.23.03:884][  0]LogConfig: Setting CVar [[r.DOF.Scatter.ForegroundCompositing:1    ; additive foreground scattering]]
[2020.02.13-01.23.03:884][  0]LogConfig: Setting CVar [[r.DOF.Scatter.BackgroundCompositing:2    ; additive background scattering]]
[2020.02.13-01.23.03:884][  0]LogConfig: Setting CVar [[r.DOF.Scatter.EnableBokehSettings:1      ; bokeh simulation when scattering]]
[2020.02.13-01.23.03:884][  0]LogConfig: Setting CVar [[r.DOF.Scatter.MaxSpriteRatio:0.1         ; only a maximum of 10% of scattered bokeh]]
[2020.02.13-01.23.03:884][  0]LogConfig: Setting CVar [[r.DOF.Recombine.Quality:1                ; cheap slight out of focus]]
[2020.02.13-01.23.03:884][  0]LogConfig: Setting CVar [[r.DOF.Recombine.EnableBokehSettings:0    ; no bokeh simulation on slight out of focus]]
[2020.02.13-01.23.03:884][  0]LogConfig: Setting CVar [[r.DOF.TemporalAAQuality:1                ; more stable temporal accumulation]]
[2020.02.13-01.23.03:884][  0]LogConfig: Setting CVar [[r.DOF.Kernel.MaxForegroundRadius:0.025]]
[2020.02.13-01.23.03:884][  0]LogConfig: Setting CVar [[r.DOF.Kernel.MaxBackgroundRadius:0.025]]
[2020.02.13-01.23.03:884][  0]LogConfig: Applying CVar settings from Section [TextureQuality@3] File [C:/Users/campbeld21/Documents/GitHub/arcade-game-lightsout/LightsOut/Saved/Config/Windows/Scalability.ini]
[2020.02.13-01.23.03:884][  0]LogConfig: Setting CVar [[r.Streaming.MipBias:0]]
[2020.02.13-01.23.03:884][  0]LogConfig: Setting CVar [[r.Streaming.AmortizeCPUToGPUCopy:0]]
[2020.02.13-01.23.03:884][  0]LogConfig: Setting CVar [[r.Streaming.MaxNumTexturesToStreamPerFrame:0]]
[2020.02.13-01.23.03:884][  0]LogConfig: Setting CVar [[r.Streaming.Boost:1]]
[2020.02.13-01.23.03:884][  0]LogConfig: Setting CVar [[r.MaxAnisotropy:8]]
[2020.02.13-01.23.03:884][  0]LogConfig: Setting CVar [[r.Streaming.LimitPoolSizeToVRAM:0]]
[2020.02.13-01.23.03:884][  0]LogConfig: Setting CVar [[r.Streaming.PoolSize:1000]]
[2020.02.13-01.23.03:884][  0]LogConfig: Setting CVar [[r.Streaming.MaxEffectiveScreenSize:0]]
[2020.02.13-01.23.03:884][  0]LogConfig: Applying CVar settings from Section [EffectsQuality@3] File [C:/Users/campbeld21/Documents/GitHub/arcade-game-lightsout/LightsOut/Saved/Config/Windows/Scalability.ini]
[2020.02.13-01.23.03:884][  0]LogConfig: Setting CVar [[r.TranslucencyLightingVolumeDim:64]]
[2020.02.13-01.23.03:884][  0]LogConfig: Setting CVar [[r.RefractionQuality:2]]
[2020.02.13-01.23.03:884][  0]LogConfig: Setting CVar [[r.SSR.Quality:3]]
[2020.02.13-01.23.03:884][  0]LogConfig: Setting CVar [[r.SceneColorFormat:4]]
[2020.02.13-01.23.03:884][  0]LogConfig: Setting CVar [[r.DetailMode:2]]
[2020.02.13-01.23.03:884][  0]LogConfig: Setting CVar [[r.TranslucencyVolumeBlur:1]]
[2020.02.13-01.23.03:884][  0]LogConfig: Setting CVar [[r.MaterialQualityLevel:1 ; High quality]]
[2020.02.13-01.23.03:884][  0]LogConfig: Setting CVar [[r.SSS.Scale:1]]
[2020.02.13-01.23.03:884][  0]LogConfig: Setting CVar [[r.SSS.SampleSet:2]]
[2020.02.13-01.23.03:884][  0]LogConfig: Setting CVar [[r.SSS.Quality:1]]
[2020.02.13-01.23.03:884][  0]LogConfig: Setting CVar [[r.SSS.HalfRes:1]]
[2020.02.13-01.23.03:884][  0]LogConfig: Setting CVar [[r.EmitterSpawnRateScale:1.0]]
[2020.02.13-01.23.03:884][  0]LogConfig: Setting CVar [[r.ParticleLightQuality:2]]
[2020.02.13-01.23.03:884][  0]LogConfig: Applying CVar settings from Section [FoliageQuality@3] File [C:/Users/campbeld21/Documents/GitHub/arcade-game-lightsout/LightsOut/Saved/Config/Windows/Scalability.ini]
[2020.02.13-01.23.03:885][  0]LogConfig: Setting CVar [[foliage.DensityScale:1.0]]
[2020.02.13-01.23.03:885][  0]LogConfig: Setting CVar [[grass.DensityScale:1.0]]
[2020.02.13-01.23.03:885][  0]LogConfig: Applying CVar settings from Section [Startup] File [../../../Engine/Config/ConsoleVariables.ini]
[2020.02.13-01.23.03:885][  0]LogConfig: Setting CVar [[net.UseAdaptiveNetUpdateFrequency:0]]
[2020.02.13-01.23.03:885][  0]LogConfig: Setting CVar [[p.chaos.AllowCreatePhysxBodies:1]]
[2020.02.13-01.23.03:885][  0]LogConfig: Applying CVar settings from Section [ConsoleVariables] File [C:/Users/campbeld21/Documents/GitHub/arcade-game-lightsout/LightsOut/Saved/Config/Windows/Engine.ini]
[2020.02.13-01.23.03:885][  0]LogInit: Computer: EGR-CLASS-016
[2020.02.13-01.23.03:885][  0]LogInit: User: campbeld21
[2020.02.13-01.23.03:885][  0]LogInit: CPU Page size=4096, Cores=4
[2020.02.13-01.23.03:885][  0]LogInit: High frequency timer resolution =10.000000 MHz
[2020.02.13-01.23.03:885][  0]LogMemory: Memory total: Physical=16.0GB (16GB approx)
[2020.02.13-01.23.03:885][  0]LogMemory: Platform Memory Stats for Windows
[2020.02.13-01.23.03:885][  0]LogMemory: Process Physical Memory: 96.76 MB used, 96.76 MB peak
[2020.02.13-01.23.03:885][  0]LogMemory: Process Virtual Memory: 89.23 MB used, 89.23 MB peak
[2020.02.13-01.23.03:885][  0]LogMemory: Physical Memory: 5997.35 MB used,  10386.20 MB free, 16383.55 MB total
[2020.02.13-01.23.03:885][  0]LogMemory: Virtual Memory: 4651.64 MB used,  134213080.00 MB free, 134217728.00 MB total
[2020.02.13-01.23.03:919][  0]LogInit: Using OS detected language (en-US).
[2020.02.13-01.23.03:919][  0]LogInit: Using OS detected locale (en-US).
[2020.02.13-01.23.03:920][  0]LogTextLocalizationManager: No specific localization for 'en-US' exists, so the 'en' localization will be used.
[2020.02.13-01.23.04:222][  0]LogSlate: New Slate User Created.  User Index 0, Is Virtual User: 0
[2020.02.13-01.23.04:222][  0]LogSlate: Slate User Registered.  User Index 0, Is Virtual User: 0
[2020.02.13-01.23.04:242][  0]LogHMD: Failed to initialize OpenVR with code 110
[2020.02.13-01.23.04:242][  0]LogD3D11RHI: D3D11 adapters:
[2020.02.13-01.23.04:340][  0]LogD3D11RHI:    0. 'NVIDIA GRID P100-1B' (Feature Level 11_0)
[2020.02.13-01.23.04:340][  0]LogD3D11RHI:       930/0/8191 MB DedicatedVideo/DedicatedSystem/SharedSystem, Outputs:1, VendorId:0x10de
[2020.02.13-01.23.04:344][  0]LogD3D11RHI:    1. 'Microsoft Basic Render Driver' (Feature Level 11_0)
[2020.02.13-01.23.04:344][  0]LogD3D11RHI:       0/0/8191 MB DedicatedVideo/DedicatedSystem/SharedSystem, Outputs:0, VendorId:0x1414
[2020.02.13-01.23.04:347][  0]LogD3D11RHI:    2. 'Microsoft Basic Render Driver' (Feature Level 11_0)
[2020.02.13-01.23.04:347][  0]LogD3D11RHI:       0/0/8191 MB DedicatedVideo/DedicatedSystem/SharedSystem, Outputs:0, VendorId:0x1414
[2020.02.13-01.23.04:347][  0]LogD3D11RHI: Chosen D3D11 Adapter: 0
[2020.02.13-01.23.04:364][  0]LogD3D11RHI: Creating new Direct3DDevice
[2020.02.13-01.23.04:364][  0]LogD3D11RHI:     GPU DeviceId: 0x15f8 (for the marketing name, search the web for "GPU Device Id")
[2020.02.13-01.23.04:364][  0]LogWindows: EnumDisplayDevices:
[2020.02.13-01.23.04:365][  0]LogWindows:    0. 'NVIDIA GRID P100-1B' (P:1 D:1)
[2020.02.13-01.23.04:365][  0]LogWindows:    1. 'NVIDIA GRID P100-1B' (P:0 D:0)
[2020.02.13-01.23.04:366][  0]LogWindows:    2. 'NVIDIA GRID P100-1B' (P:0 D:0)
[2020.02.13-01.23.04:366][  0]LogWindows:    3. 'NVIDIA GRID P100-1B' (P:0 D:0)
[2020.02.13-01.23.04:366][  0]LogWindows:    4. 'Microsoft Basic Display Driver' (P:0 D:0)
[2020.02.13-01.23.04:366][  0]LogWindows: DebugString: GetVideoDriverDetailsInvalid PrimaryIsNotTheChoosenAdapter FoundDriverCount:4 
[2020.02.13-01.23.04:366][  0]LogD3D11RHI:     Adapter Name: NVIDIA GRID P100-1B
[2020.02.13-01.23.04:366][  0]LogD3D11RHI:   Driver Version: 412.16 (internal:24.21.14.1216, unified:412.16)
[2020.02.13-01.23.04:366][  0]LogD3D11RHI:      Driver Date: 12-17-2018
[2020.02.13-01.23.04:367][  0]LogRHI: Texture pool is 651 MB (70% of 930 MB)
[2020.02.13-01.23.04:437][  0]LogD3D11RHI: Async texture creation enabled
[2020.02.13-01.23.04:444][  0]LogRendererCore: FGlobalReadBuffer::InitRHI
[2020.02.13-01.23.04:445][  0]LogRendererCore: FGlobalReadBuffer::InitRHI
[2020.02.13-01.23.04:445][  0]LogRendererCore: FGlobalReadBuffer::InitRHI
[2020.02.13-01.23.04:459][  0]LogD3D11RHI: GPU Timing Frequency: 1000.000000 (Debug: 2 2)
[2020.02.13-01.23.08:447][  0]LogTemp: Display: Module 'WindowsClientTargetPlatform' loaded TargetPlatform 'WindowsClient'
[2020.02.13-01.23.08:466][  0]LogTemp: Display: Module 'WindowsNoEditorTargetPlatform' loaded TargetPlatform 'WindowsNoEditor'
[2020.02.13-01.23.08:485][  0]LogTemp: Display: Module 'WindowsServerTargetPlatform' loaded TargetPlatform 'WindowsServer'
[2020.02.13-01.23.08:495][  0]LogTemp: Display: Module 'WindowsTargetPlatform' loaded TargetPlatform 'Windows'
[2020.02.13-01.23.08:495][  0]LogTargetPlatformManager: Display: Building Assets For Windows
[2020.02.13-01.23.08:507][  0]LogAudioDebug: Display: Lib vorbis DLL was dynamically loaded.
[2020.02.13-01.23.08:594][  0]LogShaderCompilers: Guid format shader working directory is -33 characters bigger than the processId version (../../../../../../Users/campbeld21/Documents/GitHub/arcade-game-lightsout/LightsOut/Intermediate/Shaders/WorkingDirectory/12452/).
[2020.02.13-01.23.08:594][  0]LogShaderCompilers: Cleaned the shader compiler working directory 'C:/Users/campbeld21/AppData/Local/Temp/UnrealShaderWorkingDir/E50A0C6E4A5FD3A34B8B089A54235185/'.
[2020.02.13-01.23.08:598][  0]LogXGEController: Cannot use XGE Controller as Incredibuild is not installed on this machine.
[2020.02.13-01.23.08:598][  0]LogShaderCompilers: Cannot use XGE Shader Compiler as Incredibuild is not installed on this machine.
[2020.02.13-01.23.08:598][  0]LogShaderCompilers: Display: Using Local Shader Compiler.
[2020.02.13-01.23.09:290][  0]LogDerivedDataCache: Display: Max Cache Size: 512 MB
[2020.02.13-01.23.09:290][  0]LogDerivedDataCache: Display: Starting with empty Boot cache
[2020.02.13-01.23.09:290][  0]LogDerivedDataCache: FDerivedDataBackendGraph:  Pak pak cache file ../../../../../../Users/campbeld21/Documents/GitHub/arcade-game-lightsout/LightsOut/DerivedDataCache/DDC.ddp not found, will not use a pak cache.
[2020.02.13-01.23.09:290][  0]LogDerivedDataCache: Unable to find inner node Pak for hierarchical cache Hierarchy.
[2020.02.13-01.23.09:290][  0]LogDerivedDataCache: FDerivedDataBackendGraph:  CompressedPak pak cache file ../../../../../../Users/campbeld21/Documents/GitHub/arcade-game-lightsout/LightsOut/DerivedDataCache/Compressed.ddp not found, will not use a pak cache.
[2020.02.13-01.23.09:290][  0]LogDerivedDataCache: Unable to find inner node CompressedPak for hierarchical cache Hierarchy.
[2020.02.13-01.23.09:306][  0]LogDerivedDataCache: Display: Pak cache opened for reading ../../../Engine/DerivedDataCache/Compressed.ddp.
[2020.02.13-01.23.09:306][  0]LogDerivedDataCache: FDerivedDataBackendGraph:  EnterprisePak pak cache file ../../../Enterprise/DerivedDataCache/Compressed.ddp not found, will not use a pak cache.
[2020.02.13-01.23.09:306][  0]LogDerivedDataCache: Unable to find inner node EnterprisePak for hierarchical cache Hierarchy.
[2020.02.13-01.23.09:318][  0]LogDerivedDataCache: Using Local data cache path C:/Users/campbeld21/AppData/Local/UnrealEngine/Common/DerivedDataCache: Writable
[2020.02.13-01.23.09:318][  0]LogDerivedDataCache: Shared data cache path not found in *engine.ini, will not use an Shared cache.
[2020.02.13-01.23.09:318][  0]LogDerivedDataCache: Unable to find inner node Shared for hierarchical cache Hierarchy.
[2020.02.13-01.23.09:363][  0]LogMaterial: Verifying Global Shaders for PCD3D_SM5
[2020.02.13-01.23.09:366][  0]LogSlate: Using FreeType 2.6.0
[2020.02.13-01.23.09:367][  0]LogSlate: SlateFontServices - WITH_FREETYPE: 1, WITH_HARFBUZZ: 1
[2020.02.13-01.23.09:592][  0]LogInit: Using OS detected language (en-US).
[2020.02.13-01.23.09:592][  0]LogInit: Using OS detected locale (en-US).
[2020.02.13-01.23.09:592][  0]LogTextLocalizationManager: No localization for 'en-US' exists, so 'en' will be used for the language.
[2020.02.13-01.23.09:592][  0]LogTextLocalizationManager: No localization for 'en-US' exists, so 'en' will be used for the locale.
[2020.02.13-01.23.09:592][  0]LogSlate: FontCache flush requested. Reason: Culture for localization was changed
[2020.02.13-01.23.09:592][  0]LogSlate: FontCache flush requested. Reason: Culture for localization was changed
[2020.02.13-01.23.09:594][  0]LogTextLocalizationManager: Compacting localization data took   0.01ms
[2020.02.13-01.23.09:603][  0]LogAssetRegistry: FAssetRegistry took 0.0053 seconds to start up
[2020.02.13-01.23.09:962][  0]LogPackageLocalizationCache: Processed 10 localized package path(s) for 1 prioritized culture(s) in 0.025561 seconds
[2020.02.13-01.23.10:206][  0]LogInit: Selected Device Profile: [Windows]
[2020.02.13-01.23.10:392][  0]LogMeshReduction: Using QuadricMeshReduction for automatic static mesh reduction
[2020.02.13-01.23.10:392][  0]LogMeshReduction: Using SimplygonMeshReduction for automatic skeletal mesh reduction
[2020.02.13-01.23.10:392][  0]LogMeshReduction: Using ProxyLODMeshReduction for automatic mesh merging
[2020.02.13-01.23.10:392][  0]LogMeshReduction: No distributed automatic mesh merging module available
[2020.02.13-01.23.10:392][  0]LogMeshMerging: No distributed automatic mesh merging module available
[2020.02.13-01.23.10:412][  0]LogNetVersion: LightsOut 1.0.0, NetCL: 5660361, EngineNetVer: 10, GameNetVer: 0 (Checksum: 845501272)
[2020.02.13-01.23.11:219][  0]LogMoviePlayer: Initializing movie player
[2020.02.13-01.23.11:402][  0]SourceControl: Source control is disabled
[2020.02.13-01.23.11:402][  0]SourceControl: Source control is disabled
[2020.02.13-01.23.11:403][  0]SourceControl: Source control is disabled
[2020.02.13-01.23.11:648][  0]LogAndroidPermission: UAndroidPermissionCallbackProxy::GetInstance
[2020.02.13-01.23.11:934][  0]LogOcInput: OculusInput pre-init called
[2020.02.13-01.23.11:959][  0]LogUObjectArray: 46459 objects as part of root set at end of initial load.
[2020.02.13-01.23.11:959][  0]LogUObjectAllocator: 8159704 out of 0 bytes used by permanent object pool.
[2020.02.13-01.23.11:959][  0]LogUObjectArray: CloseDisregardForGC: 0/0 objects in disregard for GC pool
[2020.02.13-01.23.12:257][  0]LogEngine: Initializing Engine...
[2020.02.13-01.23.12:261][  0]LogHMD: Failed to initialize OpenVR with code 110
[2020.02.13-01.23.12:276][  0]LogStats: UGameplayTagsManager::InitializeManager -  0.002 s
[2020.02.13-01.23.12:939][  0]LogInit: Initializing FReadOnlyCVARCache
[2020.02.13-01.23.12:958][  0]LogInit: XAudio2 using 'Speakers (VMware Virtual Audio (DevTap))' : 2 channels at 48 kHz using 16 bits per sample (channel mask 0x3)
[2020.02.13-01.23.13:477][  0]LogInit: FAudioDevice initialized.
[2020.02.13-01.23.13:490][  0]LogNetVersion: Set ProjectVersion to 1.0.0.0. Version Checksum will be recalculated on next use.
[2020.02.13-01.23.13:691][  0]LogDerivedDataCache: Saved boot cache 0.20s 67MB C:/Users/campbeld21/AppData/Local/UnrealEngine/4.22/DerivedDataCache/Boot.ddc.
[2020.02.13-01.23.13:697][  0]LogInit: Texture streaming: Enabled
[2020.02.13-01.23.13:995][  0]LogSlate: Updating window title bar state: overlay mode, drag disabled, window buttons hidden, title bar hidden
[2020.02.13-01.23.14:000][  0]LogInit: Display: Game Engine Initialized.
[2020.02.13-01.23.14:181][  0]LogInit: Display: Starting Game.
[2020.02.13-01.23.14:183][  0]LogNet: Browse: /Game/TopDownBP/Maps/TopDownExampleMap?Name=Player
[2020.02.13-01.23.14:184][  0]LogLoad: LoadMap: /Game/TopDownBP/Maps/TopDownExampleMap?Name=Player
[2020.02.13-01.23.14:254][  0]LogUObjectHash: Compacting FUObjectHashTables data took   1.87ms
[2020.02.13-01.23.15:778][  0]LogTexture: Display: Building textures: right_002 (AutoDXT, 1000X1000)
[2020.02.13-01.23.16:183][  0]LogTexture: Display: Building textures: right_003 (AutoDXT, 1000X1000)
[2020.02.13-01.23.16:521][  0]LogTexture: Display: Building textures: right_004 (AutoDXT, 1000X1000)
[2020.02.13-01.23.16:924][  0]LogTexture: Display: Building textures: right_005 (AutoDXT, 1000X1000)
[2020.02.13-01.23.17:355][  0]LogTexture: Display: Building textures: left_001 (AutoDXT, 1000X1000)
[2020.02.13-01.23.17:789][  0]LogTexture: Display: Building textures: left_002 (AutoDXT, 1000X1000)
[2020.02.13-01.23.18:194][  0]LogTexture: Display: Building textures: left_003 (AutoDXT, 1000X1000)
[2020.02.13-01.23.18:538][  0]LogTexture: Display: Building textures: left_004 (AutoDXT, 1000X1000)
[2020.02.13-01.23.18:948][  0]LogTexture: Display: Building textures: left_005 (AutoDXT, 1000X1000)
[2020.02.13-01.23.19:371][  0]LogTexture: Display: Building textures: right_001 (AutoDXT, 1000X1000)
[2020.02.13-01.23.19:783][  0]LogTexture: Display: Building textures: Image_001 (AutoDXT, 1000X1000)
[2020.02.13-01.23.20:078][  0]LogTexture: Display: Building textures: back_005 (AutoDXT, 1000X1000)
[2020.02.13-01.23.20:367][  0]LogTexture: Display: Building textures: front_003__1_ (AutoDXT, 1000X1000)
[2020.02.13-01.23.20:694][  0]LogTexture: Display: Building textures: front_004__1_ (AutoDXT, 1000X1000)
[2020.02.13-01.23.21:065][  0]LogTexture: Display: Building textures: front_001__1_ (AutoDXT, 1000X1000)
[2020.02.13-01.23.21:490][  0]LogTexture: Display: Building textures: front_002__1_ (AutoDXT, 1000X1000)
[2020.02.13-01.23.21:973][  0]LogTexture: Display: Building textures: right_001 (AutoDXT, 1000X1000)
[2020.02.13-01.23.22:180][  0]LogTexture: Display: Building textures: back_005__1_ (AutoDXT, 1000X1000)
[2020.02.13-01.23.22:622][  0]LogTexture: Display: Building textures: back_004__1_ (AutoDXT, 1000X1000)
[2020.02.13-01.23.22:985][  0]LogTexture: Display: Building textures: back_003__2_ (AutoDXT, 1000X1000)
[2020.02.13-01.23.23:299][  0]LogTexture: Display: Building textures: back_002__1_ (AutoDXT, 1000X1000)
[2020.02.13-01.23.23:658][  0]LogTexture: Display: Building textures: front_005__1_ (AutoDXT, 1000X1000)
[2020.02.13-01.23.24:081][  0]LogTexture: Display: Building textures: back_001__1_ (AutoDXT, 1000X1000)
[2020.02.13-01.23.24:507][  0]LogTexture: Display: Building textures: left_002 (AutoDXT, 1000X1000)
[2020.02.13-01.23.24:706][  0]LogTexture: Display: Building textures: left_001 (AutoDXT, 1000X1000)
[2020.02.13-01.23.24:913][  0]LogTexture: Display: Building textures: right_005 (AutoDXT, 1000X1000)
[2020.02.13-01.23.25:111][  0]LogTexture: Display: Building textures: right_004 (AutoDXT, 1000X1000)
[2020.02.13-01.23.25:307][  0]LogTexture: Display: Building textures: right_003 (AutoDXT, 1000X1000)
[2020.02.13-01.23.25:512][  0]LogTexture: Display: Building textures: right_002 (AutoDXT, 1000X1000)
[2020.02.13-01.23.25:764][  0]LogTexture: Display: Building textures: back_004 (AutoDXT, 1000X1000)
[2020.02.13-01.23.26:039][  0]LogTexture: Display: Building textures: back_003 (AutoDXT, 1000X1000)
[2020.02.13-01.23.26:324][  0]LogTexture: Display: Building textures: back_002 (AutoDXT, 1000X1000)
[2020.02.13-01.23.26:590][  0]LogTexture: Display: Building textures: back_001 (AutoDXT, 1000X1000)
[2020.02.13-01.23.26:878][  0]LogTexture: Display: Building textures: front_005 (AutoDXT, 1000X1000)
[2020.02.13-01.23.27:155][  0]LogTexture: Display: Building textures: front_004 (AutoDXT, 1000X1000)
[2020.02.13-01.23.27:419][  0]LogTexture: Display: Building textures: front_003 (AutoDXT, 1000X1000)
[2020.02.13-01.23.27:700][  0]LogTexture: Display: Building textures: front_002 (AutoDXT, 1000X1000)
[2020.02.13-01.23.27:969][  0]LogTexture: Display: Building textures: front_001 (AutoDXT, 1000X1000)
[2020.02.13-01.23.28:245][  0]LogTexture: Display: Building textures: left_005 (AutoDXT, 1000X1000)
[2020.02.13-01.23.28:442][  0]LogTexture: Display: Building textures: left_004 (AutoDXT, 1000X1000)
[2020.02.13-01.23.28:636][  0]LogTexture: Display: Building textures: left_003 (AutoDXT, 1000X1000)
[2020.02.13-01.23.28:869][  0]LogAIModule: Creating AISystem for world TopDownExampleMap
[2020.02.13-01.23.28:870][  0]LogLoad: Game class is 'TopDownGameMode_C'
[2020.02.13-01.23.28:895][  0]PIE: Warning: Invalid Simulate Options: Body (TorchThrown_2.Capsule) is set to simulate physics but Collision Enabled is incompatible
[2020.02.13-01.23.28:895][  0]PIE: Warning: Invalid Simulate Options: Body (TorchThrown_2.Capsule) is set to simulate physics but Collision Enabled is incompatible
[2020.02.13-01.23.28:929][  0]PIE: Warning: Invalid Simulate Options: Body (TorchThrown_2.Capsule) is set to simulate physics but Collision Enabled is incompatible
[2020.02.13-01.23.28:929][  0]PIE: Warning: Invalid Simulate Options: Body (TorchThrown_2.Capsule) is set to simulate physics but Collision Enabled is incompatible
[2020.02.13-01.23.28:932][  0]LogWorld: Bringing World /Game/TopDownBP/Maps/TopDownExampleMap.TopDownExampleMap up for play (max tick rate 0) at 2020.02.12-17.23.28
[2020.02.13-01.23.28:955][  0]LogWorld: Bringing up level for play took: 0.081377
[2020.02.13-01.23.28:992][  0]LogLoad: Took 14.808405 seconds to LoadMap(/Game/TopDownBP/Maps/TopDownExampleMap)
[2020.02.13-01.23.29:085][  0]LogRenderer: Reallocating scene render targets to support 2560x1440 Format 10 NumSamples 1 (Frame:1).
[2020.02.13-01.23.29:085][  0]LogLoad: (Engine Initialization) Total time: 32.99 seconds
[2020.02.13-01.23.29:085][  0]LogLoad: (Engine Initialization) Total Blueprint compile time: 0.00 seconds
[2020.02.13-01.23.29:462][  0]LogWindowsTextInputMethodSystem: Display: IME system now deactivated.
[2020.02.13-01.23.29:478][  0]LogContentStreaming: Texture pool size now 1000 MB
[2020.02.13-01.23.31:107][  0]LogRenderer: Reallocating scene render targets to support 128x128 Format 10 NumSamples 1 (Frame:1).
[2020.02.13-01.23.31:206][  0]LogRenderer: Reallocating scene render targets to support 2560x1440 Format 10 NumSamples 1 (Frame:2).
[2020.02.13-01.23.51:238][138]LogBlueprintUserMessages: [Campfire_16] 1
[2020.02.13-01.24.11:328][297]LogBlueprintUserMessages: [Campfire_16] 2
[2020.02.13-01.24.16:926][342]PIE: Warning: Invalid Simulate Options: Body (TorchThrown_C_0.Capsule) is set to simulate physics but Collision Enabled is incompatible
[2020.02.13-01.24.16:926][342]PIE: Warning: Invalid Simulate Options: Body (TorchThrown_C_0.Capsule) is set to simulate physics but Collision Enabled is incompatible
[2020.02.13-01.24.19:552][363]PIE: Warning: Invalid Simulate Options: Body (TorchThrown_C_1.Capsule) is set to simulate physics but Collision Enabled is incompatible
[2020.02.13-01.24.19:552][363]PIE: Warning: Invalid Simulate Options: Body (TorchThrown_C_1.Capsule) is set to simulate physics but Collision Enabled is incompatible
[2020.02.13-01.24.20:123][368]PIE: Warning: Invalid Simulate Options: Body (TorchThrown_C_2.Capsule) is set to simulate physics but Collision Enabled is incompatible
[2020.02.13-01.24.20:123][368]PIE: Warning: Invalid Simulate Options: Body (TorchThrown_C_2.Capsule) is set to simulate physics but Collision Enabled is incompatible
[2020.02.13-01.24.20:345][370]PIE: Warning: Invalid Simulate Options: Body (TorchThrown_C_3.Capsule) is set to simulate physics but Collision Enabled is incompatible
[2020.02.13-01.24.20:345][370]PIE: Warning: Invalid Simulate Options: Body (TorchThrown_C_3.Capsule) is set to simulate physics but Collision Enabled is incompatible
[2020.02.13-01.24.20:696][373]PIE: Warning: Invalid Simulate Options: Body (TorchThrown_C_4.Capsule) is set to simulate physics but Collision Enabled is incompatible
[2020.02.13-01.24.20:696][373]PIE: Warning: Invalid Simulate Options: Body (TorchThrown_C_4.Capsule) is set to simulate physics but Collision Enabled is incompatible
[2020.02.13-01.24.20:931][375]PIE: Warning: Invalid Simulate Options: Body (TorchThrown_C_5.Capsule) is set to simulate physics but Collision Enabled is incompatible
[2020.02.13-01.24.20:931][375]PIE: Warning: Invalid Simulate Options: Body (TorchThrown_C_5.Capsule) is set to simulate physics but Collision Enabled is incompatible
[2020.02.13-01.24.21:151][377]PIE: Warning: Invalid Simulate Options: Body (TorchThrown_C_6.Capsule) is set to simulate physics but Collision Enabled is incompatible
[2020.02.13-01.24.21:151][377]PIE: Warning: Invalid Simulate Options: Body (TorchThrown_C_6.Capsule) is set to simulate physics but Collision Enabled is incompatible
[2020.02.13-01.24.22:527][389]PIE: Warning: Invalid Simulate Options: Body (TorchThrown_C_7.Capsule) is set to simulate physics but Collision Enabled is incompatible
[2020.02.13-01.24.22:527][389]PIE: Warning: Invalid Simulate Options: Body (TorchThrown_C_7.Capsule) is set to simulate physics but Collision Enabled is incompatible
[2020.02.13-01.24.22:763][391]PIE: Warning: Invalid Simulate Options: Body (TorchThrown_C_8.Capsule) is set to simulate physics but Collision Enabled is incompatible
[2020.02.13-01.24.22:763][391]PIE: Warning: Invalid Simulate Options: Body (TorchThrown_C_8.Capsule) is set to simulate physics but Collision Enabled is incompatible
[2020.02.13-01.24.23:116][394]PIE: Warning: Invalid Simulate Options: Body (TorchThrown_C_9.Capsule) is set to simulate physics but Collision Enabled is incompatible
[2020.02.13-01.24.23:116][394]PIE: Warning: Invalid Simulate Options: Body (TorchThrown_C_9.Capsule) is set to simulate physics but Collision Enabled is incompatible
[2020.02.13-01.24.23:579][398]PIE: Warning: Invalid Simulate Options: Body (TorchThrown_C_10.Capsule) is set to simulate physics but Collision Enabled is incompatible
[2020.02.13-01.24.23:580][398]PIE: Warning: Invalid Simulate Options: Body (TorchThrown_C_10.Capsule) is set to simulate physics but Collision Enabled is incompatible
[2020.02.13-01.24.23:831][400]PIE: Warning: Invalid Simulate Options: Body (TorchThrown_C_11.Capsule) is set to simulate physics but Collision Enabled is incompatible
[2020.02.13-01.24.23:831][400]PIE: Warning: Invalid Simulate Options: Body (TorchThrown_C_11.Capsule) is set to simulate physics but Collision Enabled is incompatible
[2020.02.13-01.24.24:193][403]PIE: Warning: Invalid Simulate Options: Body (TorchThrown_C_12.Capsule) is set to simulate physics but Collision Enabled is incompatible
[2020.02.13-01.24.24:193][403]PIE: Warning: Invalid Simulate Options: Body (TorchThrown_C_12.Capsule) is set to simulate physics but Collision Enabled is incompatible
[2020.02.13-01.24.24:439][405]PIE: Warning: Invalid Simulate Options: Body (TorchThrown_C_13.Capsule) is set to simulate physics but Collision Enabled is incompatible
[2020.02.13-01.24.24:439][405]PIE: Warning: Invalid Simulate Options: Body (TorchThrown_C_13.Capsule) is set to simulate physics but Collision Enabled is incompatible
[2020.02.13-01.24.24:693][407]PIE: Warning: Invalid Simulate Options: Body (TorchThrown_C_14.Capsule) is set to simulate physics but Collision Enabled is incompatible
[2020.02.13-01.24.24:693][407]PIE: Warning: Invalid Simulate Options: Body (TorchThrown_C_14.Capsule) is set to simulate physics but Collision Enabled is incompatible
[2020.02.13-01.24.24:823][408]PIE: Warning: Invalid Simulate Options: Body (TorchThrown_C_15.Capsule) is set to simulate physics but Collision Enabled is incompatible
[2020.02.13-01.24.24:823][408]PIE: Warning: Invalid Simulate Options: Body (TorchThrown_C_15.Capsule) is set to simulate physics but Collision Enabled is incompatible
[2020.02.13-01.24.25:062][410]PIE: Warning: Invalid Simulate Options: Body (TorchThrown_C_16.Capsule) is set to simulate physics but Collision Enabled is incompatible
[2020.02.13-01.24.25:062][410]PIE: Warning: Invalid Simulate Options: Body (TorchThrown_C_16.Capsule) is set to simulate physics but Collision Enabled is incompatible
[2020.02.13-01.24.25:285][412]PIE: Warning: Invalid Simulate Options: Body (TorchThrown_C_17.Capsule) is set to simulate physics but Collision Enabled is incompatible
[2020.02.13-01.24.25:285][412]PIE: Warning: Invalid Simulate Options: Body (TorchThrown_C_17.Capsule) is set to simulate physics but Collision Enabled is incompatible
[2020.02.13-01.24.25:639][415]PIE: Warning: Invalid Simulate Options: Body (TorchThrown_C_18.Capsule) is set to simulate physics but Collision Enabled is incompatible
[2020.02.13-01.24.25:639][415]PIE: Warning: Invalid Simulate Options: Body (TorchThrown_C_18.Capsule) is set to simulate physics but Collision Enabled is incompatible
[2020.02.13-01.24.25:861][417]PIE: Warning: Invalid Simulate Options: Body (TorchThrown_C_19.Capsule) is set to simulate physics but Collision Enabled is incompatible
[2020.02.13-01.24.25:861][417]PIE: Warning: Invalid Simulate Options: Body (TorchThrown_C_19.Capsule) is set to simulate physics but Collision Enabled is incompatible
[2020.02.13-01.24.26:084][419]PIE: Warning: Invalid Simulate Options: Body (TorchThrown_C_20.Capsule) is set to simulate physics but Collision Enabled is incompatible
[2020.02.13-01.24.26:084][419]PIE: Warning: Invalid Simulate Options: Body (TorchThrown_C_20.Capsule) is set to simulate physics but Collision Enabled is incompatible
[2020.02.13-01.24.26:642][424]PIE: Warning: Invalid Simulate Options: Body (TorchThrown_C_21.Capsule) is set to simulate physics but Collision Enabled is incompatible
[2020.02.13-01.24.26:642][424]PIE: Warning: Invalid Simulate Options: Body (TorchThrown_C_21.Capsule) is set to simulate physics but Collision Enabled is incompatible
[2020.02.13-01.24.26:764][425]PIE: Warning: Invalid Simulate Options: Body (TorchThrown_C_22.Capsule) is set to simulate physics but Collision Enabled is incompatible
[2020.02.13-01.24.26:764][425]PIE: Warning: Invalid Simulate Options: Body (TorchThrown_C_22.Capsule) is set to simulate physics but Collision Enabled is incompatible
[2020.02.13-01.24.27:116][428]PIE: Warning: Invalid Simulate Options: Body (TorchThrown_C_23.Capsule) is set to simulate physics but Collision Enabled is incompatible
[2020.02.13-01.24.27:116][428]PIE: Warning: Invalid Simulate Options: Body (TorchThrown_C_23.Capsule) is set to simulate physics but Collision Enabled is incompatible
[2020.02.13-01.24.27:462][431]PIE: Warning: Invalid Simulate Options: Body (TorchThrown_C_24.Capsule) is set to simulate physics but Collision Enabled is incompatible
[2020.02.13-01.24.27:462][431]PIE: Warning: Invalid Simulate Options: Body (TorchThrown_C_24.Capsule) is set to simulate physics but Collision Enabled is incompatible
[2020.02.13-01.24.31:328][465]LogBlueprintUserMessages: [Campfire_16] 3
[2020.02.13-01.24.33:856][485]LogSlate: Window 'LightsOut (64-bit Development PCD3D_SM5) ' being destroyed
[2020.02.13-01.24.33:858][485]LogWindowsTextInputMethodSystem: Display: IME system now deactivated.
[2020.02.13-01.24.33:860][486]LogSlate: Updating window title bar state: overlay mode, drag disabled, window buttons hidden, title bar hidden
[2020.02.13-01.24.33:860][486]LogEngine: All Windows Closed
[2020.02.13-01.24.33:860][486]LogWindows: FPlatformMisc::RequestExit(0)
[2020.02.13-01.24.34:333][487]LogExit: Preparing to exit.
[2020.02.13-01.24.34:333][487]LogMoviePlayer: Shutting down movie player
[2020.02.13-01.24.34:365][487]LogSlate: Updating window title bar state: overlay mode, drag disabled, window buttons hidden, title bar hidden
[2020.02.13-01.24.34:385][487]LogExit: Game engine shut down
[2020.02.13-01.24.34:543][487]LogExit: Object subsystem successfully closed.
[2020.02.13-01.24.34:579][487]LogShaderCompilers: Display: Shaders left to compile 0
[2020.02.13-01.24.34:603][487]LogD3D11RHI: Shutdown
[2020.02.13-01.24.34:603][487]LogD3D11RHI: CleanupD3DDevice
[2020.02.13-01.24.34:615][487]LogRendererCore: FGlobalReadBuffer::ReleaseRHI
[2020.02.13-01.24.34:615][487]LogRendererCore: FGlobalDynamicReadBuffer::Cleanup()
[2020.02.13-01.24.34:615][487]LogRendererCore: FGlobalReadBuffer::ReleaseRHI
[2020.02.13-01.24.34:615][487]LogRendererCore: FGlobalDynamicReadBuffer::Cleanup()
[2020.02.13-01.24.34:615][487]LogRendererCore: FGlobalReadBuffer::ReleaseRHI
[2020.02.13-01.24.34:615][487]LogRendererCore: FGlobalDynamicReadBuffer::Cleanup()
[2020.02.13-01.24.34:967][487]LogD3D11RHI: ~FD3D11DynamicRHI
[2020.02.13-01.24.35:024][487]LogModuleManager: Shutting down and abandoning module SequenceRecorderSections (398)
[2020.02.13-01.24.35:024][487]LogModuleManager: Shutting down and abandoning module SequenceRecorder (396)
[2020.02.13-01.24.35:024][487]LogModuleManager: Shutting down and abandoning module AutomationController (394)
[2020.02.13-01.24.35:024][487]LogModuleManager: Shutting down and abandoning module AutomationWorker (392)
[2020.02.13-01.24.35:024][487]LogModuleManager: Shutting down and abandoning module Voice (390)
[2020.02.13-01.24.35:024][487]LogModuleManager: Shutting down and abandoning module AIModule (388)
[2020.02.13-01.24.35:024][487]LogModuleManager: Shutting down and abandoning module GameplayDebugger (387)
[2020.02.13-01.24.35:025][487]LogModuleManager: Shutting down and abandoning module AITestSuite (385)
[2020.02.13-01.24.35:025][487]LogModuleManager: Shutting down and abandoning module NavigationSystem (383)
[2020.02.13-01.24.35:025][487]LogModuleManager: Shutting down and abandoning module OculusMR (380)
[2020.02.13-01.24.35:025][487]LogModuleManager: Shutting down and abandoning module WmfMediaFactory (378)
[2020.02.13-01.24.35:025][487]LogModuleManager: Shutting down and abandoning module WebMMediaFactory (376)
[2020.02.13-01.24.35:025][487]LogModuleManager: Shutting down and abandoning module WebMMedia (374)
[2020.02.13-01.24.35:025][487]LogModuleManager: Shutting down and abandoning module OpenExrWrapper (372)
[2020.02.13-01.24.35:025][487]LogModuleManager: Shutting down and abandoning module ImgMediaFactory (370)
[2020.02.13-01.24.35:025][487]LogModuleManager: Shutting down and abandoning module AvfMediaFactory (368)
[2020.02.13-01.24.35:025][487]LogModuleManager: Shutting down and abandoning module MagicLeapCameraPreviewFactory (366)
[2020.02.13-01.24.35:025][487]LogModuleManager: Shutting down and abandoning module MagicLeapMediaCodecFactory (364)
[2020.02.13-01.24.35:025][487]LogModuleManager: Shutting down and abandoning module MagicLeapMediaFactory (362)
[2020.02.13-01.24.35:025][487]LogModuleManager: Shutting down and abandoning module CharacterAI (360)
[2020.02.13-01.24.35:025][487]LogModuleManager: Shutting down and abandoning module SessionServices (358)
[2020.02.13-01.24.35:025][487]LogModuleManager: Shutting down and abandoning module MovieSceneCapture (356)
[2020.02.13-01.24.35:025][487]LogModuleManager: Shutting down and abandoning module LiveCoding (354)
[2020.02.13-01.24.35:025][487]LogModuleManager: Shutting down and abandoning module LevelSequence (352)
[2020.02.13-01.24.35:025][487]LogModuleManager: Shutting down and abandoning module MovieSceneTracks (350)
[2020.02.13-01.24.35:025][487]LogModuleManager: Shutting down and abandoning module MovieScene (348)
[2020.02.13-01.24.35:025][487]LogModuleManager: Shutting down and abandoning module StreamingPauseRendering (346)
[2020.02.13-01.24.35:025][487]LogModuleManager: Shutting down and abandoning module PortalServices (344)
[2020.02.13-01.24.35:025][487]LogModuleManager: Shutting down and abandoning module PortalRpc (342)
[2020.02.13-01.24.35:025][487]LogModuleManager: Shutting down and abandoning module MessagingRpc (340)
[2020.02.13-01.24.35:025][487]LogModuleManager: Shutting down and abandoning module ImageWriteQueue (338)
[2020.02.13-01.24.35:029][487]LogModuleManager: Shutting down and abandoning module ProfilerService (336)
[2020.02.13-01.24.35:277][487]LogModuleManager: Shutting down and abandoning module TaskGraph (334)
[2020.02.13-01.24.35:278][487]LogModuleManager: Shutting down and abandoning module SteamVRController (332)
[2020.02.13-01.24.35:279][487]LogModuleManager: Shutting down and abandoning module ProceduralMeshComponent (330)
[2020.02.13-01.24.35:279][487]LogModuleManager: Shutting down and abandoning module OculusInput (328)
[2020.02.13-01.24.35:279][487]LogModuleManager: Shutting down and abandoning module MobilePatchingUtils (326)
[2020.02.13-01.24.35:279][487]LogModuleManager: Shutting down and abandoning module EditableMesh (324)
[2020.02.13-01.24.35:280][487]LogModuleManager: Shutting down and abandoning module CustomMeshComponent (322)
[2020.02.13-01.24.35:280][487]LogModuleManager: Shutting down and abandoning module CableComponent (320)
[2020.02.13-01.24.35:280][487]LogModuleManager: Shutting down and abandoning module AudioCapture (318)
[2020.02.13-01.24.35:280][487]LogModuleManager: Shutting down and abandoning module ArchVisCharacter (316)
[2020.02.13-01.24.35:280][487]LogModuleManager: Shutting down and abandoning module AndroidPermission (314)
[2020.02.13-01.24.35:280][487]LogModuleManager: Shutting down and abandoning module NUTUnrealEngine4 (312)
[2020.02.13-01.24.35:280][487]LogModuleManager: Shutting down and abandoning module NetcodeUnitTest (310)
[2020.02.13-01.24.35:280][487]LogModuleManager: Shutting down and abandoning module MediaCompositing (308)
[2020.02.13-01.24.35:280][487]LogModuleManager: Shutting down and abandoning module LinearTimecode (306)
[2020.02.13-01.24.35:280][487]LogModuleManager: Shutting down and abandoning module ImgMedia (304)
[2020.02.13-01.24.35:280][487]LogModuleManager: Shutting down and abandoning module MagicLeapHelperVulkan (302)
[2020.02.13-01.24.35:280][487]LogModuleManager: Shutting down and abandoning module MagicLeapHelperOpenGL (300)
[2020.02.13-01.24.35:280][487]LogModuleManager: Shutting down and abandoning module MagicLeapAudio (298)
[2020.02.13-01.24.35:280][487]LogModuleManager: Shutting down and abandoning module HTML5Networking (296)
[2020.02.13-01.24.35:280][487]LogModuleManager: Shutting down and abandoning module GeometryCacheTracks (294)
[2020.02.13-01.24.35:280][487]LogModuleManager: Shutting down and abandoning module GeometryCacheSequencer (293)
[2020.02.13-01.24.35:280][487]LogModuleManager: Shutting down and abandoning module GeometryCache (290)
[2020.02.13-01.24.35:280][487]LogModuleManager: Shutting down and abandoning module GeometryCacheEd (289)
[2020.02.13-01.24.35:280][487]LogModuleManager: Shutting down and abandoning module BackChannel (286)
[2020.02.13-01.24.35:280][487]LogModuleManager: Shutting down and abandoning module AppleVision (284)
[2020.02.13-01.24.35:280][487]LogModuleManager: Shutting down and abandoning module AppleImageUtilsBlueprintSupport (282)
[2020.02.13-01.24.35:280][487]LogModuleManager: Shutting down and abandoning module AppleImageUtils (280)
[2020.02.13-01.24.35:280][487]LogModuleManager: Shutting down and abandoning module VariantManagerContent (278)
[2020.02.13-01.24.35:280][487]LogModuleManager: Shutting down and abandoning module CryptoKeysOpenSSL (276)
[2020.02.13-01.24.35:280][487]LogModuleManager: Shutting down and abandoning module CryptoKeys (274)
[2020.02.13-01.24.35:280][487]LogModuleManager: Shutting down and abandoning module VisualStudioSourceCodeAccess (272)
[2020.02.13-01.24.35:280][487]LogModuleManager: Shutting down and abandoning module HotReload (271)
[2020.02.13-01.24.35:281][487]LogModuleManager: Shutting down and abandoning module DirectoryWatcher (270)
[2020.02.13-01.24.35:281][487]LogModuleManager: Shutting down and abandoning module VisualStudioCodeSourceCodeAccess (266)
[2020.02.13-01.24.35:281][487]LogModuleManager: Shutting down and abandoning module UObjectPlugin (264)
[2020.02.13-01.24.35:281][487]LogModuleManager: Shutting down and abandoning module SubversionSourceControl (262)
[2020.02.13-01.24.35:281][487]LogModuleManager: Shutting down and abandoning module PerforceSourceControl (260)
[2020.02.13-01.24.35:282][487]LogModuleManager: Shutting down and abandoning module SourceControl (259)
[2020.02.13-01.24.35:283][487]LogModuleManager: Shutting down and abandoning module CLionSourceCodeAccess (256)
[2020.02.13-01.24.35:283][487]LogModuleManager: Shutting down and abandoning module ActorLayerUtilities (254)
[2020.02.13-01.24.35:283][487]LogModuleManager: Shutting down and abandoning module SignificanceManager (252)
[2020.02.13-01.24.35:283][487]LogModuleManager: Shutting down and abandoning module RuntimePhysXCooking (250)
[2020.02.13-01.24.35:283][487]LogModuleManager: Shutting down and abandoning module PhysXVehiclesEditor (248)
[2020.02.13-01.24.35:283][487]LogModuleManager: Shutting down and abandoning module PhysXVehicles (246)
[2020.02.13-01.24.35:283][487]LogModuleManager: Shutting down and abandoning module LocationServicesBPLibrary (244)
[2020.02.13-01.24.35:283][487]LogModuleManager: Shutting down and abandoning module ActorSequence (242)
[2020.02.13-01.24.35:283][487]LogModuleManager: Shutting down and abandoning module UdpMessaging (240)
[2020.02.13-01.24.35:283][487]LogModuleManager: Shutting down and abandoning module TcpMessaging (238)
[2020.02.13-01.24.35:283][487]LogModuleManager: Shutting down and abandoning module MagicLeapIdentity (236)
[2020.02.13-01.24.35:283][487]LogModuleManager: Shutting down and abandoning module MagicLeapSecureStorage (234)
[2020.02.13-01.24.35:283][487]LogModuleManager: Shutting down and abandoning module MagicLeapHandTracking (232)
[2020.02.13-01.24.35:283][487]LogModuleManager: Shutting down and abandoning module MagicLeapEyeTracker (230)
[2020.02.13-01.24.35:283][487]LogModuleManager: Shutting down and abandoning module MagicLeapController (228)
[2020.02.13-01.24.35:283][487]LogSlate: Slate User Destroyed.  User Index 0, Is Virtual User: 0
[2020.02.13-01.24.35:283][487]LogModuleManager: Shutting down and abandoning module MagicLeapAR (226)
[2020.02.13-01.24.35:283][487]LogModuleManager: Shutting down and abandoning module AugmentedReality (225)
[2020.02.13-01.24.35:284][487]LogModuleManager: Shutting down and abandoning module GameplayTagsEditor (222)
[2020.02.13-01.24.35:284][487]LogModuleManager: Shutting down and abandoning module FacialAnimation (220)
[2020.02.13-01.24.35:284][487]LogModuleManager: Shutting down and abandoning module DataValidation (218)
[2020.02.13-01.24.35:284][487]LogModuleManager: Shutting down and abandoning module AssetManagerEditor (216)
[2020.02.13-01.24.35:286][487]LogModuleManager: Shutting down and abandoning module TreeMap (215)
[2020.02.13-01.24.35:286][487]LogModuleManager: Shutting down and abandoning module AnimationSharing (212)
[2020.02.13-01.24.35:286][487]LogModuleManager: Shutting down and abandoning module LightPropagationVolumeRuntime (210)
[2020.02.13-01.24.35:286][487]LogModuleManager: Shutting down and abandoning module AISupportModule (208)
[2020.02.13-01.24.35:286][487]LogModuleManager: Shutting down and abandoning module Paper2D (206)
[2020.02.13-01.24.35:286][487]LogModuleManager: Shutting down and abandoning module WindowsMoviePlayer (204)
[2020.02.13-01.24.35:287][487]LogModuleManager: Shutting down and abandoning module WebMMoviePlayer (202)
[2020.02.13-01.24.35:287][487]LogModuleManager: Shutting down and abandoning module PacketHandler (200)
[2020.02.13-01.24.35:287][487]LogModuleManager: Shutting down and abandoning module ClothingSystemEditor (198)
[2020.02.13-01.24.35:287][487]LogModuleManager: Shutting down and abandoning module ClothingSystemRuntime (196)
[2020.02.13-01.24.35:289][487]LogModuleManager: Shutting down and abandoning module MediaAssets (194)
[2020.02.13-01.24.35:289][487]LogModuleManager: Shutting down and abandoning module Overlay (192)
[2020.02.13-01.24.35:289][487]LogModuleManager: Shutting down and abandoning module OverlayEditor (191)
[2020.02.13-01.24.35:289][487]LogModuleManager: Shutting down and abandoning module VREditor (188)
[2020.02.13-01.24.35:289][487]LogModuleManager: Shutting down and abandoning module StringTableEditor (186)
[2020.02.13-01.24.35:291][487]LogModuleManager: Shutting down and abandoning module GameplayTasksEditor (184)
[2020.02.13-01.24.35:291][487]LogModuleManager: Shutting down and abandoning module BehaviorTreeEditor (182)
[2020.02.13-01.24.35:292][487]LogModuleManager: Shutting down and abandoning module FunctionalTesting (180)
[2020.02.13-01.24.35:292][487]LogModuleManager: Shutting down and abandoning module CollisionAnalyzer (178)
[2020.02.13-01.24.35:293][487]LogModuleManager: Shutting down and abandoning module WorkspaceMenuStructure (177)
[2020.02.13-01.24.35:293][487]LogModuleManager: Shutting down and abandoning module UMG (174)
[2020.02.13-01.24.35:293][487]LogModuleManager: Shutting down and abandoning module UMGEditor (173)
[2020.02.13-01.24.35:294][487]LogModuleManager: Shutting down and abandoning module Sequencer (172)
[2020.02.13-01.24.35:297][487]LogModuleManager: Shutting down and abandoning module MessageLog (169)
[2020.02.13-01.24.35:297][487]LogModuleManager: Shutting down and abandoning module SlateReflector (164)
[2020.02.13-01.24.35:301][487]LogModuleManager: Shutting down and abandoning module Slate (162)
[2020.02.13-01.24.35:301][487]LogModuleManager: Shutting down and abandoning module EditorStyle (160)
[2020.02.13-01.24.35:303][487]LogModuleManager: Shutting down and abandoning module UnrealEd (158)
[2020.02.13-01.24.35:303][487]LogModuleManager: Shutting down and abandoning module MRMesh (156)
[2020.02.13-01.24.35:303][487]LogModuleManager: Shutting down and abandoning module Messaging (154)
[2020.02.13-01.24.35:303][487]LogModuleManager: Shutting down and abandoning module SourceCodeAccess (152)
[2020.02.13-01.24.35:303][487]LogModuleManager: Shutting down and abandoning module HeadMountedDisplay (150)
[2020.02.13-01.24.35:303][487]LogModuleManager: Shutting down and abandoning module XAudio2 (148)
[2020.02.13-01.24.35:303][487]LogModuleManager: Shutting down and abandoning module Networking (146)
[2020.02.13-01.24.35:303][487]LogModuleManager: Shutting down and abandoning module Core (144)
[2020.02.13-01.24.35:303][487]LogModuleManager: Shutting down and abandoning module KismetCompiler (142)
[2020.02.13-01.24.35:303][487]LogModuleManager: Shutting down and abandoning module MeshUtilities (140)
[2020.02.13-01.24.35:303][487]LogModuleManager: Shutting down and abandoning module MeshMergeUtilities (139)
[2020.02.13-01.24.35:303][487]LogModuleManager: Shutting down and abandoning module MeshReductionInterface (138)
[2020.02.13-01.24.35:303][487]LogModuleManager: Shutting down and abandoning module SkeletalMeshReduction (137)
[2020.02.13-01.24.35:304][487]LogModuleManager: Shutting down and abandoning module ProxyLODMeshReduction (135)
[2020.02.13-01.24.35:306][487]LogModuleManager: Shutting down and abandoning module QuadricMeshReduction (133)
[2020.02.13-01.24.35:306][487]LogModuleManager: Shutting down and abandoning module MaterialBaking (129)
[2020.02.13-01.24.35:307][487]LogModuleManager: Shutting down and abandoning module PIEPreviewDeviceProfileSelector (124)
[2020.02.13-01.24.35:307][487]LogModuleManager: Shutting down and abandoning module DerivedDataCache (122)
[2020.02.13-01.24.35:710][487]LogDerivedDataCache: Shutdown
[2020.02.13-01.24.35:710][487]LogModuleManager: Shutting down and abandoning module XGEController (120)
[2020.02.13-01.24.35:710][487]LogModuleManager: Shutting down and abandoning module TargetPlatform (118)
[2020.02.13-01.24.35:710][487]LogModuleManager: Shutting down and abandoning module VulkanShaderFormat (117)
[2020.02.13-01.24.35:710][487]LogModuleManager: Shutting down and abandoning module ShaderFormatVectorVM (115)
[2020.02.13-01.24.35:710][487]LogModuleManager: Shutting down and abandoning module ShaderFormatOpenGL (113)
[2020.02.13-01.24.35:711][487]LogModuleManager: Shutting down and abandoning module ShaderFormatD3D (111)
[2020.02.13-01.24.35:711][487]LogModuleManager: Shutting down and abandoning module MetalShaderFormat (109)
[2020.02.13-01.24.35:712][487]LogModuleManager: Shutting down and abandoning module TextureFormatUncompressed (107)
[2020.02.13-01.24.35:712][487]LogModuleManager: Shutting down and abandoning module TextureFormatPVR (105)
[2020.02.13-01.24.35:712][487]LogModuleManager: Shutting down and abandoning module TextureFormatDXT (103)
[2020.02.13-01.24.35:712][487]LogModuleManager: Shutting down and abandoning module TextureFormatIntelISPCTexComp (101)
[2020.02.13-01.24.35:713][487]LogModuleManager: Shutting down and abandoning module TextureFormatASTC (99)
[2020.02.13-01.24.35:713][487]LogModuleManager: Shutting down and abandoning module ImageWrapper (98)
[2020.02.13-01.24.35:713][487]LogModuleManager: Shutting down and abandoning module TextureFormatAndroid (95)
[2020.02.13-01.24.35:713][487]LogModuleManager: Shutting down and abandoning module AudioFormatOpus (93)
[2020.02.13-01.24.35:713][487]LogModuleManager: Shutting down and abandoning module AudioFormatOgg (91)
[2020.02.13-01.24.35:713][487]LogModuleManager: Shutting down and abandoning module AudioFormatADPCM (89)
[2020.02.13-01.24.35:713][487]LogModuleManager: Shutting down and abandoning module WindowsTargetPlatform (87)
[2020.02.13-01.24.35:713][487]LogModuleManager: Shutting down and abandoning module WindowsServerTargetPlatform (85)
[2020.02.13-01.24.35:713][487]LogModuleManager: Shutting down and abandoning module WindowsNoEditorTargetPlatform (83)
[2020.02.13-01.24.35:713][487]LogModuleManager: Shutting down and abandoning module WindowsClientTargetPlatform (81)
[2020.02.13-01.24.35:713][487]LogModuleManager: Shutting down and abandoning module InputCore (78)
[2020.02.13-01.24.35:713][487]LogModuleManager: Shutting down and abandoning module Settings (76)
[2020.02.13-01.24.35:713][487]LogModuleManager: Shutting down and abandoning module PhysXCooking (74)
[2020.02.13-01.24.35:713][487]LogModuleManager: Shutting down and abandoning module SteamVR (72)
[2020.02.13-01.24.35:713][487]LogHMD: Freeing OpenVRDLLHandle.
[2020.02.13-01.24.35:713][487]LogModuleManager: Shutting down and abandoning module OculusHMD (70)
[2020.02.13-01.24.35:713][487]LogModuleManager: Shutting down and abandoning module ExampleDeviceProfileSelector (68)
[2020.02.13-01.24.35:713][487]LogModuleManager: Shutting down and abandoning module LauncherChunkInstaller (66)
[2020.02.13-01.24.35:713][487]LogModuleManager: Shutting down and abandoning module OnlineBlueprintSupport (64)
[2020.02.13-01.24.35:713][487]LogModuleManager: Shutting down and abandoning module OnlineSubsystem (60)
[2020.02.13-01.24.35:714][487]LogModuleManager: Shutting down and abandoning module XMPP (55)
[2020.02.13-01.24.35:715][487]LogModuleManager: Shutting down and abandoning module WebSockets (54)
[2020.02.13-01.24.35:747][487]LogModuleManager: Shutting down and abandoning module HTTP (51)
[2020.02.13-01.24.35:778][487]LogModuleManager: Shutting down and abandoning module SSL (50)
[2020.02.13-01.24.35:780][487]LogModuleManager: Shutting down and abandoning module WmfMedia (46)
[2020.02.13-01.24.35:783][487]LogModuleManager: Shutting down and abandoning module Media (45)
[2020.02.13-01.24.35:789][487]LogModuleManager: Shutting down and abandoning module MagicLeap (42)
[2020.02.13-01.24.35:789][487]LogModuleManager: Shutting down and abandoning module DatasmithContent (40)
[2020.02.13-01.24.35:792][487]LogModuleManager: Shutting down and abandoning module AnimationModifiers (38)
[2020.02.13-01.24.35:796][487]LogModuleManager: Shutting down and abandoning module PropertyEditor (37)
[2020.02.13-01.24.35:804][487]LogModuleManager: Shutting down and abandoning module AudioEditor (34)
[2020.02.13-01.24.35:805][487]LogModuleManager: Shutting down and abandoning module TextureCompressor (32)
[2020.02.13-01.24.35:805][487]LogModuleManager: Shutting down and abandoning module RenderCore (30)
[2020.02.13-01.24.35:805][487]LogModuleManager: Shutting down and abandoning module Landscape (28)
[2020.02.13-01.24.35:805][487]LogModuleManager: Shutting down and abandoning module SlateRHIRenderer (26)
[2020.02.13-01.24.35:807][487]LogModuleManager: Shutting down and abandoning module OpenGLDrv (24)
[2020.02.13-01.24.35:807][487]LogModuleManager: Shutting down and abandoning module D3D11RHI (22)
[2020.02.13-01.24.35:807][487]LogModuleManager: Shutting down and abandoning module AnimGraphRuntime (20)
[2020.02.13-01.24.35:808][487]LogModuleManager: Shutting down and abandoning module Renderer (18)
[2020.02.13-01.24.35:808][487]LogModuleManager: Shutting down and abandoning module Engine (16)
[2020.02.13-01.24.35:808][487]LogModuleManager: Shutting down and abandoning module CoreUObject (14)
[2020.02.13-01.24.35:808][487]LogModuleManager: Shutting down and abandoning module NetworkFile (12)
[2020.02.13-01.24.35:808][487]LogModuleManager: Shutting down and abandoning module CookedIterativeFile (10)
[2020.02.13-01.24.35:808][487]LogModuleManager: Shutting down and abandoning module StreamingFile (8)
[2020.02.13-01.24.35:808][487]LogModuleManager: Shutting down and abandoning module SandboxFile (6)
[2020.02.13-01.24.35:808][487]LogModuleManager: Shutting down and abandoning module PakFile (4)
[2020.02.13-01.24.35:808][487]LogModuleManager: Shutting down and abandoning module RSA (3)
[2020.02.13-01.24.35:813][487]LogExit: Exiting.
[2020.02.13-01.24.35:825][487]Log file closed, 02/12/20 17:24:35
