Log file open, 02/05/20 14:41:38
LogWindows: Failed to load 'aqProf.dll' (GetLastError=126)
LogWindows: File 'aqProf.dll' does not exist
LogWindows: Failed to load 'VtuneApi.dll' (GetLastError=126)
LogWindows: File 'VtuneApi.dll' does not exist
LogWindows: Failed to load 'VtuneApi32e.dll' (GetLastError=126)
LogWindows: File 'VtuneApi32e.dll' does not exist
LogConsoleResponse: Display: Failed to find resolution value strings in scalability ini. Falling back to default.
LogInit: Display: Running engine for game: LightsOut
LogPakFile: Registered encryption key '00000000000000000000000000000000': 0 pak files mounted, 0 remain pending
LogPlatformFile: Not using cached read wrapper
LogTaskGraph: Started task graph with 5 named threads and 23 total threads with 3 sets of task threads.
LogStats: Stats thread started at 0.266844
LogD3D11RHI: Loaded GFSDK_Aftermath_Lib.x64.dll
LogWindows: Failed to load '../../../Engine/Binaries/ThirdParty/libsndfile/Win64/libsndfile-1.dll' (GetLastError=126)
LogWindows: File '../../../Engine/Binaries/ThirdParty/libsndfile/Win64/libsndfile-1.dll' does not exist
LogAudioMixer: Display: Failed to load Sound File dll
LogAudioEditor: Display: LibSoundFile failed to load. Importing audio will not work correctly.
LogICUInternationalization: ICU TimeZone Detection - Raw Offset: -8:00, Platform Override: ''
LogPluginManager: Mounting plugin Paper2D
LogPluginManager: Mounting plugin AISupport
LogPluginManager: Mounting plugin LightPropagationVolume
LogPluginManager: Mounting plugin ActorLayerUtilities
LogPluginManager: Mounting plugin AnimationSharing
LogPluginManager: Mounting plugin CLionSourceCodeAccess
LogPluginManager: Mounting plugin CodeLiteSourceCodeAccess
LogPluginManager: Mounting plugin GitSourceControl
LogPluginManager: Mounting plugin KDevelopSourceCodeAccess
LogPluginManager: Mounting plugin NullSourceCodeAccess
LogPluginManager: Mounting plugin PerforceSourceControl
LogPluginManager: Mounting plugin SubversionSourceControl
LogPluginManager: Mounting plugin UObjectPlugin
LogPluginManager: Mounting plugin VisualStudioCodeSourceCodeAccess
LogPluginManager: Mounting plugin VisualStudioSourceCodeAccess
LogPluginManager: Mounting plugin XCodeSourceCodeAccess
LogPluginManager: Mounting plugin AssetManagerEditor
LogPluginManager: Mounting plugin CryptoKeys
LogPluginManager: Mounting plugin DataValidation
LogPluginManager: Mounting plugin FacialAnimation
LogPluginManager: Mounting plugin GameplayTagsEditor
LogPluginManager: Mounting plugin MacGraphicsSwitching
LogPluginManager: Mounting plugin MaterialAnalyzer
LogPluginManager: Mounting plugin MobileLauncherProfileWizard
LogPluginManager: Mounting plugin PluginBrowser
LogPluginManager: Mounting plugin SpeedTreeImporter
LogPluginManager: Mounting plugin DatasmithContent
LogPluginManager: Mounting plugin VariantManagerContent
LogPluginManager: Mounting plugin AlembicImporter
LogPluginManager: Mounting plugin AppleImageUtils
LogPluginManager: Mounting plugin AppleVision
LogPluginManager: Mounting plugin BackChannel
LogPluginManager: Mounting plugin CharacterAI
LogPluginManager: Mounting plugin GeometryCache
LogPluginManager: Mounting plugin HTML5Networking
LogPluginManager: Mounting plugin ProxyLODPlugin
LogPluginManager: Mounting plugin SkeletalReduction
LogPluginManager: Mounting plugin MagicLeap
LogPluginManager: Mounting plugin MagicLeapMedia
LogPluginManager: Mounting plugin AndroidMedia
LogPluginManager: Mounting plugin AvfMedia
LogPluginManager: Mounting plugin ImgMedia
LogPluginManager: Mounting plugin LinearTimecode
LogPluginManager: Mounting plugin MediaCompositing
LogPluginManager: Mounting plugin MediaPlayerEditor
LogPluginManager: Mounting plugin WebMMedia
LogPluginManager: Mounting plugin WmfMedia
LogPluginManager: Mounting plugin TcpMessaging
LogPluginManager: Mounting plugin UdpMessaging
LogPluginManager: Mounting plugin ActorSequence
LogPluginManager: Mounting plugin LevelSequenceEditor
LogPluginManager: Mounting plugin MatineeToLevelSequence
LogPluginManager: Mounting plugin NetcodeUnitTest
LogPluginManager: Mounting plugin NUTUnrealEngine4
LogPluginManager: Mounting plugin OnlineSubsystemGooglePlay
LogPluginManager: Mounting plugin OnlineSubsystemIOS
LogPluginManager: Mounting plugin OnlineSubsystem
LogPluginManager: Mounting plugin OnlineSubsystemNull
LogPluginManager: Mounting plugin OnlineSubsystemUtils
LogPluginManager: Mounting plugin LauncherChunkInstaller
LogPluginManager: Mounting plugin AndroidDeviceProfileSelector
LogPluginManager: Mounting plugin AndroidMoviePlayer
LogPluginManager: Mounting plugin AndroidPermission
LogPluginManager: Mounting plugin AppleMoviePlayer
LogPluginManager: Mounting plugin ArchVisCharacter
LogPluginManager: Mounting plugin AudioCapture
LogPluginManager: Mounting plugin CableComponent
LogPluginManager: Mounting plugin CustomMeshComponent
LogPluginManager: Mounting plugin EditableMesh
LogPluginManager: Mounting plugin ExampleDeviceProfileSelector
LogPluginManager: Mounting plugin Firebase
LogPluginManager: Mounting plugin GoogleCloudMessaging
LogPluginManager: Mounting plugin IOSDeviceProfileSelector
LogPluginManager: Mounting plugin LinuxDeviceProfileSelector
LogPluginManager: Mounting plugin LocationServicesBPLibrary
LogPluginManager: Mounting plugin MobilePatchingUtils
LogPluginManager: Mounting plugin OculusVR
LogPluginManager: Mounting plugin PhysXVehicles
LogPluginManager: Mounting plugin ProceduralMeshComponent
LogPluginManager: Mounting plugin RuntimePhysXCooking
LogPluginManager: Mounting plugin SignificanceManager
LogPluginManager: Mounting plugin SteamVR
LogPluginManager: Mounting plugin WebMMoviePlayer
LogPluginManager: Mounting plugin WindowsMoviePlayer
LogInit: Using libcurl 7.55.1-DEV
LogInit:  - built for x86_64-pc-win32
LogInit:  - supports SSL with OpenSSL/1.1.1
LogInit:  - supports HTTP deflate (compression) using libz 1.2.8
LogInit:  - other features:
LogInit:      CURL_VERSION_SSL
LogInit:      CURL_VERSION_LIBZ
LogInit:      CURL_VERSION_IPV6
LogInit:      CURL_VERSION_ASYNCHDNS
LogInit:      CURL_VERSION_LARGEFILE
LogInit:      CURL_VERSION_IDN
LogInit:  CurlRequestOptions (configurable via config and command line):
LogInit:  - bVerifyPeer = true  - Libcurl will verify peer certificate
LogInit:  - bUseHttpProxy = false  - Libcurl will NOT use HTTP proxy
LogInit:  - bDontReuseConnections = false  - Libcurl will reuse connections
LogInit:  - MaxHostConnections = 16  - Libcurl will limit the number of connections to a host
LogInit:  - LocalHostAddr = Default
LogInit:  - BufferSize = 65536
LogInit: WinSock: version 1.1 (2.2), MaxSocks=32767, MaxUdp=65467
LogInit: Build: ++UE4+Release-4.22-CL-5660361
LogInit: Engine Version: 4.22.0-5660361+++UE4+Release-4.22
LogInit: Compatible Engine Version: 4.22.0-5660361+++UE4+Release-4.22
LogInit: Net CL: 5660361
LogInit: OS: Windows 10 (Release 1803) (), CPU: Intel(R) Xeon(R) W-2123 CPU @ 3.60GHz, GPU: NVIDIA GeForce RTX 2070
LogInit: Compiled (64-bit): Mar 31 2019 02:05:09
LogInit: Compiled with Visual C++: 19.16.27025.01
LogInit: Build Configuration: Development
LogInit: Branch Name: ++UE4+Release-4.22
LogInit: Command Line: 
LogInit: Base Directory: C:/Program Files/Epic Games/UE_4.22/Engine/Binaries/Win64/
LogInit: Installed Engine Build: 1
LogDevObjectVersion: Number of dev versions registered: 23
LogDevObjectVersion:   Dev-Blueprints (B0D832E4-1F89-4F0D-ACCF-7EB736FD4AA2): 10
LogDevObjectVersion:   Dev-Build (E1C64328-A22C-4D53-A36C-8E866417BD8C): 0
LogDevObjectVersion:   Dev-Core (375EC13C-06E4-48FB-B500-84F0262A717E): 3
LogDevObjectVersion:   Dev-Editor (E4B068ED-F494-42E9-A231-DA0B2E46BB41): 30
LogDevObjectVersion:   Dev-Framework (CFFC743F-43B0-4480-9391-14DF171D2073): 35
LogDevObjectVersion:   Dev-Mobile (B02B49B5-BB20-44E9-A304-32B752E40360): 2
LogDevObjectVersion:   Dev-Networking (A4E4105C-59A1-49B5-A7C5-40C4547EDFEE): 0
LogDevObjectVersion:   Dev-Online (39C831C9-5AE6-47DC-9A44-9C173E1C8E7C): 0
LogDevObjectVersion:   Dev-Physics (78F01B33-EBEA-4F98-B9B4-84EACCB95AA2): 0
LogDevObjectVersion:   Dev-Platform (6631380F-2D4D-43E0-8009-CF276956A95A): 0
LogDevObjectVersion:   Dev-Rendering (12F88B9F-8875-4AFC-A67C-D90C383ABD29): 28
LogDevObjectVersion:   Dev-Sequencer (7B5AE74C-D270-4C10-A958-57980B212A5A): 11
LogDevObjectVersion:   Dev-VR (D7296918-1DD6-4BDD-9DE2-64A83CC13884): 2
LogDevObjectVersion:   Dev-LoadTimes (C2A15278-BFE7-4AFE-6C17-90FF531DF755): 1
LogDevObjectVersion:   Private-Geometry (6EACA3D4-40EC-4CC1-B786-8BED09428FC5): 3
LogDevObjectVersion:   Dev-AnimPhys (29E575DD-E0A3-4627-9D10-D276232CDCEA): 17
LogDevObjectVersion:   Dev-Anim (AF43A65D-7FD3-4947-9873-3E8ED9C1BB05): 2
LogDevObjectVersion:   Dev-ReflectionCapture (6B266CEC-1EC7-4B8F-A30B-E4D90942FC07): 1
LogDevObjectVersion:   Dev-Automation (0DF73D61-A23F-47EA-B727-89E90C41499A): 1
LogDevObjectVersion:   FortniteMain (601D1886-AC64-4F84-AA16-D3DE0DEAC7D6): 25
LogDevObjectVersion:   Dev-Enterprise (9DFFBCD6-494F-0158-E221-12823C92A888): 6
LogDevObjectVersion:   Dev-Niagara (F2AED0AC-9AFE-416F-8664-AA7FFA26D6FC): 1
LogDevObjectVersion:   Dev-Destruction (174F1F0B-B4C6-45A5-B13F-2EE8D0FB917D): 2
LogInit: Presizing for max 16777216 objects, including 0 objects not considered by GC, pre-allocating 0 bytes for permanent pool.
LogInit: Object subsystem initialized
LogConfig: Setting CVar [[con.DebugEarlyDefault:1]]
LogConfig: Setting CVar [[r.setres:1280x720]]
[2020.02.05-22.41.38:638][  0]LogConfig: Setting CVar [[r.VSync:0]]
[2020.02.05-22.41.38:638][  0]LogConfig: Setting CVar [[r.RHICmdBypass:0]]
[2020.02.05-22.41.38:638][  0]LogConfig: Applying CVar settings from Section [/Script/Engine.RendererSettings] File [C:/Users/campbeld21/Documents/GitHub/arcade-game-lightsout/LightsOut/Saved/Config/Windows/Engine.ini]
[2020.02.05-22.41.38:638][  0]LogConfig: Setting CVar [[r.GPUCrashDebugging:0]]
[2020.02.05-22.41.38:638][  0]LogConfig: Applying CVar settings from Section [/Script/Engine.RendererOverrideSettings] File [C:/Users/campbeld21/Documents/GitHub/arcade-game-lightsout/LightsOut/Saved/Config/Windows/Engine.ini]
[2020.02.05-22.41.38:638][  0]LogConfig: Applying CVar settings from Section [/Script/Engine.StreamingSettings] File [C:/Users/campbeld21/Documents/GitHub/arcade-game-lightsout/LightsOut/Saved/Config/Windows/Engine.ini]
[2020.02.05-22.41.38:638][  0]LogConfig: Setting CVar [[s.MinBulkDataSizeForAsyncLoading:131072]]
[2020.02.05-22.41.38:638][  0]LogConfig: Setting CVar [[s.AsyncLoadingThreadEnabled:0]]
[2020.02.05-22.41.38:638][  0]LogConfig: Setting CVar [[s.EventDrivenLoaderEnabled:1]]
[2020.02.05-22.41.38:638][  0]LogConfig: Setting CVar [[s.WarnIfTimeLimitExceeded:0]]
[2020.02.05-22.41.38:638][  0]LogConfig: Setting CVar [[s.TimeLimitExceededMultiplier:1.5]]
[2020.02.05-22.41.38:638][  0]LogConfig: Setting CVar [[s.TimeLimitExceededMinTime:0.005]]
[2020.02.05-22.41.38:638][  0]LogConfig: Setting CVar [[s.UseBackgroundLevelStreaming:1]]
[2020.02.05-22.41.38:638][  0]LogConfig: Setting CVar [[s.PriorityAsyncLoadingExtraTime:15.0]]
[2020.02.05-22.41.38:638][  0]LogConfig: Setting CVar [[s.LevelStreamingActorsUpdateTimeLimit:5.0]]
[2020.02.05-22.41.38:638][  0]LogConfig: Setting CVar [[s.PriorityLevelStreamingActorsUpdateExtraTime:5.0]]
[2020.02.05-22.41.38:638][  0]LogConfig: Setting CVar [[s.LevelStreamingComponentsRegistrationGranularity:10]]
[2020.02.05-22.41.38:638][  0]LogConfig: Setting CVar [[s.UnregisterComponentsTimeLimit:1.0]]
[2020.02.05-22.41.38:638][  0]LogConfig: Setting CVar [[s.LevelStreamingComponentsUnregistrationGranularity:5]]
[2020.02.05-22.41.38:638][  0]LogConfig: Applying CVar settings from Section [/Script/Engine.GarbageCollectionSettings] File [C:/Users/campbeld21/Documents/GitHub/arcade-game-lightsout/LightsOut/Saved/Config/Windows/Engine.ini]
[2020.02.05-22.41.38:638][  0]LogConfig: Setting CVar [[gc.MaxObjectsNotConsideredByGC:1]]
[2020.02.05-22.41.38:638][  0]LogConfig: Setting CVar [[gc.SizeOfPermanentObjectPool:0]]
[2020.02.05-22.41.38:638][  0]LogConfig: Setting CVar [[gc.FlushStreamingOnGC:0]]
[2020.02.05-22.41.38:638][  0]LogConfig: Setting CVar [[gc.NumRetriesBeforeForcingGC:10]]
[2020.02.05-22.41.38:638][  0]LogConfig: Setting CVar [[gc.AllowParallelGC:1]]
[2020.02.05-22.41.38:638][  0]LogConfig: Setting CVar [[gc.TimeBetweenPurgingPendingKillObjects:61.1]]
[2020.02.05-22.41.38:639][  0]LogConfig: Setting CVar [[gc.MaxObjectsInEditor:16777216]]
[2020.02.05-22.41.38:639][  0]LogConfig: Setting CVar [[gc.IncrementalBeginDestroyEnabled:1]]
[2020.02.05-22.41.38:639][  0]LogConfig: Setting CVar [[gc.CreateGCClusters:1]]
[2020.02.05-22.41.38:639][  0]LogConfig: Setting CVar [[gc.MinGCClusterSize:5]]
[2020.02.05-22.41.38:639][  0]LogConfig: Setting CVar [[gc.ActorClusteringEnabled:0]]
[2020.02.05-22.41.38:639][  0]LogConfig: Setting CVar [[gc.BlueprintClusteringEnabled:0]]
[2020.02.05-22.41.38:639][  0]LogConfig: Setting CVar [[gc.UseDisregardForGCOnDedicatedServers:0]]
[2020.02.05-22.41.38:639][  0]LogConfig: Applying CVar settings from Section [/Script/Engine.NetworkSettings] File [C:/Users/campbeld21/Documents/GitHub/arcade-game-lightsout/LightsOut/Saved/Config/Windows/Engine.ini]
[2020.02.05-22.41.38:639][  0]LogConfig: Applying CVar settings from Section [/Script/UnrealEd.CookerSettings] File [C:/Users/campbeld21/Documents/GitHub/arcade-game-lightsout/LightsOut/Saved/Config/Windows/Engine.ini]
[2020.02.05-22.41.38:647][  0]LogConfig: Applying CVar settings from Section [ViewDistanceQuality@3] File [C:/Users/campbeld21/Documents/GitHub/arcade-game-lightsout/LightsOut/Saved/Config/Windows/Scalability.ini]
[2020.02.05-22.41.38:647][  0]LogConfig: Setting CVar [[r.SkeletalMeshLODBias:0]]
[2020.02.05-22.41.38:647][  0]LogConfig: Setting CVar [[r.ViewDistanceScale:1.0]]
[2020.02.05-22.41.38:647][  0]LogConfig: Applying CVar settings from Section [AntiAliasingQuality@3] File [C:/Users/campbeld21/Documents/GitHub/arcade-game-lightsout/LightsOut/Saved/Config/Windows/Scalability.ini]
[2020.02.05-22.41.38:647][  0]LogConfig: Setting CVar [[r.PostProcessAAQuality:4]]
[2020.02.05-22.41.38:647][  0]LogConfig: Applying CVar settings from Section [ShadowQuality@3] File [C:/Users/campbeld21/Documents/GitHub/arcade-game-lightsout/LightsOut/Saved/Config/Windows/Scalability.ini]
[2020.02.05-22.41.38:647][  0]LogConfig: Setting CVar [[r.LightFunctionQuality:1]]
[2020.02.05-22.41.38:647][  0]LogConfig: Setting CVar [[r.ShadowQuality:5]]
[2020.02.05-22.41.38:647][  0]LogConfig: Setting CVar [[r.Shadow.CSM.MaxCascades:10]]
[2020.02.05-22.41.38:647][  0]LogConfig: Setting CVar [[r.Shadow.MaxResolution:2048]]
[2020.02.05-22.41.38:648][  0]LogConfig: Setting CVar [[r.Shadow.MaxCSMResolution:2048]]
[2020.02.05-22.41.38:648][  0]LogConfig: Setting CVar [[r.Shadow.RadiusThreshold:0.01]]
[2020.02.05-22.41.38:648][  0]LogConfig: Setting CVar [[r.Shadow.DistanceScale:1.0]]
[2020.02.05-22.41.38:648][  0]LogConfig: Setting CVar [[r.Shadow.CSM.TransitionScale:1.0]]
[2020.02.05-22.41.38:648][  0]LogConfig: Setting CVar [[r.Shadow.PreShadowResolutionFactor:1.0]]
[2020.02.05-22.41.38:648][  0]LogConfig: Setting CVar [[r.DistanceFieldShadowing:1]]
[2020.02.05-22.41.38:648][  0]LogConfig: Setting CVar [[r.DistanceFieldAO:1]]
[2020.02.05-22.41.38:648][  0]LogConfig: Setting CVar [[r.AOQuality:2]]
[2020.02.05-22.41.38:648][  0]LogConfig: Setting CVar [[r.VolumetricFog:1]]
[2020.02.05-22.41.38:648][  0]LogConfig: Setting CVar [[r.VolumetricFog.GridPixelSize:8]]
[2020.02.05-22.41.38:648][  0]LogConfig: Setting CVar [[r.VolumetricFog.GridSizeZ:128]]
[2020.02.05-22.41.38:648][  0]LogConfig: Setting CVar [[r.VolumetricFog.HistoryMissSupersampleCount:4]]
[2020.02.05-22.41.38:648][  0]LogConfig: Setting CVar [[r.LightMaxDrawDistanceScale:1]]
[2020.02.05-22.41.38:648][  0]LogConfig: Setting CVar [[r.CapsuleShadows:1]]
[2020.02.05-22.41.38:648][  0]LogConfig: Applying CVar settings from Section [PostProcessQuality@3] File [C:/Users/campbeld21/Documents/GitHub/arcade-game-lightsout/LightsOut/Saved/Config/Windows/Scalability.ini]
[2020.02.05-22.41.38:648][  0]LogConfig: Setting CVar [[r.MotionBlurQuality:4]]
[2020.02.05-22.41.38:648][  0]LogConfig: Setting CVar [[r.AmbientOcclusionMipLevelFactor:0.4]]
[2020.02.05-22.41.38:648][  0]LogConfig: Setting CVar [[r.AmbientOcclusionMaxQuality:100]]
[2020.02.05-22.41.38:648][  0]LogConfig: Setting CVar [[r.AmbientOcclusionLevels:-1]]
[2020.02.05-22.41.38:648][  0]LogConfig: Setting CVar [[r.AmbientOcclusionRadiusScale:1.0]]
[2020.02.05-22.41.38:648][  0]LogConfig: Setting CVar [[r.DepthOfFieldQuality:2]]
[2020.02.05-22.41.38:648][  0]LogConfig: Setting CVar [[r.RenderTargetPoolMin:400]]
[2020.02.05-22.41.38:648][  0]LogConfig: Setting CVar [[r.LensFlareQuality:2]]
[2020.02.05-22.41.38:648][  0]LogConfig: Setting CVar [[r.SceneColorFringeQuality:1]]
[2020.02.05-22.41.38:648][  0]LogConfig: Setting CVar [[r.EyeAdaptationQuality:2]]
[2020.02.05-22.41.38:648][  0]LogConfig: Setting CVar [[r.BloomQuality:5]]
[2020.02.05-22.41.38:648][  0]LogConfig: Setting CVar [[r.FastBlurThreshold:100]]
[2020.02.05-22.41.38:648][  0]LogConfig: Setting CVar [[r.Upscale.Quality:3]]
[2020.02.05-22.41.38:648][  0]LogConfig: Setting CVar [[r.Tonemapper.GrainQuantization:1]]
[2020.02.05-22.41.38:648][  0]LogConfig: Setting CVar [[r.LightShaftQuality:1]]
[2020.02.05-22.41.38:648][  0]LogConfig: Setting CVar [[r.Filter.SizeScale:1]]
[2020.02.05-22.41.38:648][  0]LogConfig: Setting CVar [[r.Tonemapper.Quality:5]]
[2020.02.05-22.41.38:649][  0]LogConfig: Setting CVar [[r.DOF.Gather.AccumulatorQuality:1        ; higher gathering accumulator quality]]
[2020.02.05-22.41.38:649][  0]LogConfig: Setting CVar [[r.DOF.Gather.PostfilterMethod:1          ; Median3x3 postfilering method]]
[2020.02.05-22.41.38:649][  0]LogConfig: Setting CVar [[r.DOF.Gather.EnableBokehSettings:0       ; no bokeh simulation when gathering]]
[2020.02.05-22.41.38:649][  0]LogConfig: Setting CVar [[r.DOF.Gather.RingCount:4                 ; medium number of samples when gathering]]
[2020.02.05-22.41.38:649][  0]LogConfig: Setting CVar [[r.DOF.Scatter.ForegroundCompositing:1    ; additive foreground scattering]]
[2020.02.05-22.41.38:649][  0]LogConfig: Setting CVar [[r.DOF.Scatter.BackgroundCompositing:2    ; additive background scattering]]
[2020.02.05-22.41.38:649][  0]LogConfig: Setting CVar [[r.DOF.Scatter.EnableBokehSettings:1      ; bokeh simulation when scattering]]
[2020.02.05-22.41.38:649][  0]LogConfig: Setting CVar [[r.DOF.Scatter.MaxSpriteRatio:0.1         ; only a maximum of 10% of scattered bokeh]]
[2020.02.05-22.41.38:649][  0]LogConfig: Setting CVar [[r.DOF.Recombine.Quality:1                ; cheap slight out of focus]]
[2020.02.05-22.41.38:649][  0]LogConfig: Setting CVar [[r.DOF.Recombine.EnableBokehSettings:0    ; no bokeh simulation on slight out of focus]]
[2020.02.05-22.41.38:649][  0]LogConfig: Setting CVar [[r.DOF.TemporalAAQuality:1                ; more stable temporal accumulation]]
[2020.02.05-22.41.38:649][  0]LogConfig: Setting CVar [[r.DOF.Kernel.MaxForegroundRadius:0.025]]
[2020.02.05-22.41.38:649][  0]LogConfig: Setting CVar [[r.DOF.Kernel.MaxBackgroundRadius:0.025]]
[2020.02.05-22.41.38:649][  0]LogConfig: Applying CVar settings from Section [TextureQuality@3] File [C:/Users/campbeld21/Documents/GitHub/arcade-game-lightsout/LightsOut/Saved/Config/Windows/Scalability.ini]
[2020.02.05-22.41.38:649][  0]LogConfig: Setting CVar [[r.Streaming.MipBias:0]]
[2020.02.05-22.41.38:649][  0]LogConfig: Setting CVar [[r.Streaming.AmortizeCPUToGPUCopy:0]]
[2020.02.05-22.41.38:649][  0]LogConfig: Setting CVar [[r.Streaming.MaxNumTexturesToStreamPerFrame:0]]
[2020.02.05-22.41.38:649][  0]LogConfig: Setting CVar [[r.Streaming.Boost:1]]
[2020.02.05-22.41.38:649][  0]LogConfig: Setting CVar [[r.MaxAnisotropy:8]]
[2020.02.05-22.41.38:649][  0]LogConfig: Setting CVar [[r.Streaming.LimitPoolSizeToVRAM:0]]
[2020.02.05-22.41.38:649][  0]LogConfig: Setting CVar [[r.Streaming.PoolSize:1000]]
[2020.02.05-22.41.38:649][  0]LogConfig: Setting CVar [[r.Streaming.MaxEffectiveScreenSize:0]]
[2020.02.05-22.41.38:649][  0]LogConfig: Applying CVar settings from Section [EffectsQuality@3] File [C:/Users/campbeld21/Documents/GitHub/arcade-game-lightsout/LightsOut/Saved/Config/Windows/Scalability.ini]
[2020.02.05-22.41.38:649][  0]LogConfig: Setting CVar [[r.TranslucencyLightingVolumeDim:64]]
[2020.02.05-22.41.38:649][  0]LogConfig: Setting CVar [[r.RefractionQuality:2]]
[2020.02.05-22.41.38:649][  0]LogConfig: Setting CVar [[r.SSR.Quality:3]]
[2020.02.05-22.41.38:649][  0]LogConfig: Setting CVar [[r.SceneColorFormat:4]]
[2020.02.05-22.41.38:649][  0]LogConfig: Setting CVar [[r.DetailMode:2]]
[2020.02.05-22.41.38:649][  0]LogConfig: Setting CVar [[r.TranslucencyVolumeBlur:1]]
[2020.02.05-22.41.38:649][  0]LogConfig: Setting CVar [[r.MaterialQualityLevel:1 ; High quality]]
[2020.02.05-22.41.38:649][  0]LogConfig: Setting CVar [[r.SSS.Scale:1]]
[2020.02.05-22.41.38:650][  0]LogConfig: Setting CVar [[r.SSS.SampleSet:2]]
[2020.02.05-22.41.38:650][  0]LogConfig: Setting CVar [[r.SSS.Quality:1]]
[2020.02.05-22.41.38:650][  0]LogConfig: Setting CVar [[r.SSS.HalfRes:1]]
[2020.02.05-22.41.38:650][  0]LogConfig: Setting CVar [[r.EmitterSpawnRateScale:1.0]]
[2020.02.05-22.41.38:650][  0]LogConfig: Setting CVar [[r.ParticleLightQuality:2]]
[2020.02.05-22.41.38:650][  0]LogConfig: Applying CVar settings from Section [FoliageQuality@3] File [C:/Users/campbeld21/Documents/GitHub/arcade-game-lightsout/LightsOut/Saved/Config/Windows/Scalability.ini]
[2020.02.05-22.41.38:650][  0]LogConfig: Setting CVar [[foliage.DensityScale:1.0]]
[2020.02.05-22.41.38:650][  0]LogConfig: Setting CVar [[grass.DensityScale:1.0]]
[2020.02.05-22.41.38:650][  0]LogInit: Selected Device Profile: [Windows]
[2020.02.05-22.41.38:650][  0]LogInit: Applying CVar settings loaded from the selected device profile: [Windows]
[2020.02.05-22.41.38:674][  0]LogHAL: Display: Platform has ~ 32 GB [33990602752 / 34359738368 / 32], which maps to Largest [LargestMinGB=32, LargerMinGB=12, DefaultMinGB=8, SmallerMinGB=6, SmallestMinGB=0)
[2020.02.05-22.41.38:674][  0]LogConfig: Setting CVar [[r.Vulkan.UseRealUBs:0		; Required until we fix HLR fall-out]]
[2020.02.05-22.41.38:674][  0]LogInit: Going up to parent DeviceProfile []
[2020.02.05-22.41.38:674][  0]LogConfig: Applying CVar settings from Section [ViewDistanceQuality@3] File [C:/Users/campbeld21/Documents/GitHub/arcade-game-lightsout/LightsOut/Saved/Config/Windows/Scalability.ini]
[2020.02.05-22.41.38:674][  0]LogConfig: Setting CVar [[r.SkeletalMeshLODBias:0]]
[2020.02.05-22.41.38:674][  0]LogConfig: Setting CVar [[r.ViewDistanceScale:1.0]]
[2020.02.05-22.41.38:674][  0]LogConfig: Applying CVar settings from Section [AntiAliasingQuality@3] File [C:/Users/campbeld21/Documents/GitHub/arcade-game-lightsout/LightsOut/Saved/Config/Windows/Scalability.ini]
[2020.02.05-22.41.38:674][  0]LogConfig: Setting CVar [[r.PostProcessAAQuality:4]]
[2020.02.05-22.41.38:674][  0]LogConfig: Applying CVar settings from Section [ShadowQuality@3] File [C:/Users/campbeld21/Documents/GitHub/arcade-game-lightsout/LightsOut/Saved/Config/Windows/Scalability.ini]
[2020.02.05-22.41.38:674][  0]LogConfig: Setting CVar [[r.LightFunctionQuality:1]]
[2020.02.05-22.41.38:674][  0]LogConfig: Setting CVar [[r.ShadowQuality:5]]
[2020.02.05-22.41.38:674][  0]LogConfig: Setting CVar [[r.Shadow.CSM.MaxCascades:10]]
[2020.02.05-22.41.38:674][  0]LogConfig: Setting CVar [[r.Shadow.MaxResolution:2048]]
[2020.02.05-22.41.38:674][  0]LogConfig: Setting CVar [[r.Shadow.MaxCSMResolution:2048]]
[2020.02.05-22.41.38:674][  0]LogConfig: Setting CVar [[r.Shadow.RadiusThreshold:0.01]]
[2020.02.05-22.41.38:674][  0]LogConfig: Setting CVar [[r.Shadow.DistanceScale:1.0]]
[2020.02.05-22.41.38:674][  0]LogConfig: Setting CVar [[r.Shadow.CSM.TransitionScale:1.0]]
[2020.02.05-22.41.38:674][  0]LogConfig: Setting CVar [[r.Shadow.PreShadowResolutionFactor:1.0]]
[2020.02.05-22.41.38:674][  0]LogConfig: Setting CVar [[r.DistanceFieldShadowing:1]]
[2020.02.05-22.41.38:674][  0]LogConfig: Setting CVar [[r.DistanceFieldAO:1]]
[2020.02.05-22.41.38:674][  0]LogConfig: Setting CVar [[r.AOQuality:2]]
[2020.02.05-22.41.38:674][  0]LogConfig: Setting CVar [[r.VolumetricFog:1]]
[2020.02.05-22.41.38:674][  0]LogConfig: Setting CVar [[r.VolumetricFog.GridPixelSize:8]]
[2020.02.05-22.41.38:674][  0]LogConfig: Setting CVar [[r.VolumetricFog.GridSizeZ:128]]
[2020.02.05-22.41.38:674][  0]LogConfig: Setting CVar [[r.VolumetricFog.HistoryMissSupersampleCount:4]]
[2020.02.05-22.41.38:674][  0]LogConfig: Setting CVar [[r.LightMaxDrawDistanceScale:1]]
[2020.02.05-22.41.38:674][  0]LogConfig: Setting CVar [[r.CapsuleShadows:1]]
[2020.02.05-22.41.38:674][  0]LogConfig: Applying CVar settings from Section [PostProcessQuality@3] File [C:/Users/campbeld21/Documents/GitHub/arcade-game-lightsout/LightsOut/Saved/Config/Windows/Scalability.ini]
[2020.02.05-22.41.38:674][  0]LogConfig: Setting CVar [[r.MotionBlurQuality:4]]
[2020.02.05-22.41.38:674][  0]LogConfig: Setting CVar [[r.AmbientOcclusionMipLevelFactor:0.4]]
[2020.02.05-22.41.38:674][  0]LogConfig: Setting CVar [[r.AmbientOcclusionMaxQuality:100]]
[2020.02.05-22.41.38:674][  0]LogConfig: Setting CVar [[r.AmbientOcclusionLevels:-1]]
[2020.02.05-22.41.38:674][  0]LogConfig: Setting CVar [[r.AmbientOcclusionRadiusScale:1.0]]
[2020.02.05-22.41.38:674][  0]LogConfig: Setting CVar [[r.DepthOfFieldQuality:2]]
[2020.02.05-22.41.38:674][  0]LogConfig: Setting CVar [[r.RenderTargetPoolMin:400]]
[2020.02.05-22.41.38:674][  0]LogConfig: Setting CVar [[r.LensFlareQuality:2]]
[2020.02.05-22.41.38:674][  0]LogConfig: Setting CVar [[r.SceneColorFringeQuality:1]]
[2020.02.05-22.41.38:674][  0]LogConfig: Setting CVar [[r.EyeAdaptationQuality:2]]
[2020.02.05-22.41.38:675][  0]LogConfig: Setting CVar [[r.BloomQuality:5]]
[2020.02.05-22.41.38:675][  0]LogConfig: Setting CVar [[r.FastBlurThreshold:100]]
[2020.02.05-22.41.38:675][  0]LogConfig: Setting CVar [[r.Upscale.Quality:3]]
[2020.02.05-22.41.38:675][  0]LogConfig: Setting CVar [[r.Tonemapper.GrainQuantization:1]]
[2020.02.05-22.41.38:675][  0]LogConfig: Setting CVar [[r.LightShaftQuality:1]]
[2020.02.05-22.41.38:675][  0]LogConfig: Setting CVar [[r.Filter.SizeScale:1]]
[2020.02.05-22.41.38:675][  0]LogConfig: Setting CVar [[r.Tonemapper.Quality:5]]
[2020.02.05-22.41.38:675][  0]LogConfig: Setting CVar [[r.DOF.Gather.AccumulatorQuality:1        ; higher gathering accumulator quality]]
[2020.02.05-22.41.38:675][  0]LogConfig: Setting CVar [[r.DOF.Gather.PostfilterMethod:1          ; Median3x3 postfilering method]]
[2020.02.05-22.41.38:675][  0]LogConfig: Setting CVar [[r.DOF.Gather.EnableBokehSettings:0       ; no bokeh simulation when gathering]]
[2020.02.05-22.41.38:675][  0]LogConfig: Setting CVar [[r.DOF.Gather.RingCount:4                 ; medium number of samples when gathering]]
[2020.02.05-22.41.38:675][  0]LogConfig: Setting CVar [[r.DOF.Scatter.ForegroundCompositing:1    ; additive foreground scattering]]
[2020.02.05-22.41.38:675][  0]LogConfig: Setting CVar [[r.DOF.Scatter.BackgroundCompositing:2    ; additive background scattering]]
[2020.02.05-22.41.38:675][  0]LogConfig: Setting CVar [[r.DOF.Scatter.EnableBokehSettings:1      ; bokeh simulation when scattering]]
[2020.02.05-22.41.38:675][  0]LogConfig: Setting CVar [[r.DOF.Scatter.MaxSpriteRatio:0.1         ; only a maximum of 10% of scattered bokeh]]
[2020.02.05-22.41.38:675][  0]LogConfig: Setting CVar [[r.DOF.Recombine.Quality:1                ; cheap slight out of focus]]
[2020.02.05-22.41.38:675][  0]LogConfig: Setting CVar [[r.DOF.Recombine.EnableBokehSettings:0    ; no bokeh simulation on slight out of focus]]
[2020.02.05-22.41.38:675][  0]LogConfig: Setting CVar [[r.DOF.TemporalAAQuality:1                ; more stable temporal accumulation]]
[2020.02.05-22.41.38:675][  0]LogConfig: Setting CVar [[r.DOF.Kernel.MaxForegroundRadius:0.025]]
[2020.02.05-22.41.38:675][  0]LogConfig: Setting CVar [[r.DOF.Kernel.MaxBackgroundRadius:0.025]]
[2020.02.05-22.41.38:675][  0]LogConfig: Applying CVar settings from Section [TextureQuality@3] File [C:/Users/campbeld21/Documents/GitHub/arcade-game-lightsout/LightsOut/Saved/Config/Windows/Scalability.ini]
[2020.02.05-22.41.38:675][  0]LogConfig: Setting CVar [[r.Streaming.MipBias:0]]
[2020.02.05-22.41.38:675][  0]LogConfig: Setting CVar [[r.Streaming.AmortizeCPUToGPUCopy:0]]
[2020.02.05-22.41.38:675][  0]LogConfig: Setting CVar [[r.Streaming.MaxNumTexturesToStreamPerFrame:0]]
[2020.02.05-22.41.38:675][  0]LogConfig: Setting CVar [[r.Streaming.Boost:1]]
[2020.02.05-22.41.38:675][  0]LogConfig: Setting CVar [[r.MaxAnisotropy:8]]
[2020.02.05-22.41.38:675][  0]LogConfig: Setting CVar [[r.Streaming.LimitPoolSizeToVRAM:0]]
[2020.02.05-22.41.38:675][  0]LogConfig: Setting CVar [[r.Streaming.PoolSize:1000]]
[2020.02.05-22.41.38:675][  0]LogConfig: Setting CVar [[r.Streaming.MaxEffectiveScreenSize:0]]
[2020.02.05-22.41.38:675][  0]LogConfig: Applying CVar settings from Section [EffectsQuality@3] File [C:/Users/campbeld21/Documents/GitHub/arcade-game-lightsout/LightsOut/Saved/Config/Windows/Scalability.ini]
[2020.02.05-22.41.38:675][  0]LogConfig: Setting CVar [[r.TranslucencyLightingVolumeDim:64]]
[2020.02.05-22.41.38:675][  0]LogConfig: Setting CVar [[r.RefractionQuality:2]]
[2020.02.05-22.41.38:675][  0]LogConfig: Setting CVar [[r.SSR.Quality:3]]
[2020.02.05-22.41.38:675][  0]LogConfig: Setting CVar [[r.SceneColorFormat:4]]
[2020.02.05-22.41.38:675][  0]LogConfig: Setting CVar [[r.DetailMode:2]]
[2020.02.05-22.41.38:675][  0]LogConfig: Setting CVar [[r.TranslucencyVolumeBlur:1]]
[2020.02.05-22.41.38:675][  0]LogConfig: Setting CVar [[r.MaterialQualityLevel:1 ; High quality]]
[2020.02.05-22.41.38:675][  0]LogConfig: Setting CVar [[r.SSS.Scale:1]]
[2020.02.05-22.41.38:675][  0]LogConfig: Setting CVar [[r.SSS.SampleSet:2]]
[2020.02.05-22.41.38:675][  0]LogConfig: Setting CVar [[r.SSS.Quality:1]]
[2020.02.05-22.41.38:675][  0]LogConfig: Setting CVar [[r.SSS.HalfRes:1]]
[2020.02.05-22.41.38:675][  0]LogConfig: Setting CVar [[r.EmitterSpawnRateScale:1.0]]
[2020.02.05-22.41.38:675][  0]LogConfig: Setting CVar [[r.ParticleLightQuality:2]]
[2020.02.05-22.41.38:675][  0]LogConfig: Applying CVar settings from Section [FoliageQuality@3] File [C:/Users/campbeld21/Documents/GitHub/arcade-game-lightsout/LightsOut/Saved/Config/Windows/Scalability.ini]
[2020.02.05-22.41.38:675][  0]LogConfig: Setting CVar [[foliage.DensityScale:1.0]]
[2020.02.05-22.41.38:676][  0]LogConfig: Setting CVar [[grass.DensityScale:1.0]]
[2020.02.05-22.41.38:676][  0]LogConfig: Applying CVar settings from Section [Startup] File [../../../Engine/Config/ConsoleVariables.ini]
[2020.02.05-22.41.38:676][  0]LogConfig: Setting CVar [[net.UseAdaptiveNetUpdateFrequency:0]]
[2020.02.05-22.41.38:676][  0]LogConfig: Setting CVar [[p.chaos.AllowCreatePhysxBodies:1]]
[2020.02.05-22.41.38:676][  0]LogConfig: Applying CVar settings from Section [ConsoleVariables] File [C:/Users/campbeld21/Documents/GitHub/arcade-game-lightsout/LightsOut/Saved/Config/Windows/Engine.ini]
[2020.02.05-22.41.38:676][  0]LogInit: Computer: EN304-22228
[2020.02.05-22.41.38:676][  0]LogInit: User: campbeld21
[2020.02.05-22.41.38:676][  0]LogInit: CPU Page size=4096, Cores=4
[2020.02.05-22.41.38:676][  0]LogInit: High frequency timer resolution =3.515623 MHz
[2020.02.05-22.41.38:677][  0]LogMemory: Memory total: Physical=31.7GB (32GB approx)
[2020.02.05-22.41.38:677][  0]LogMemory: Platform Memory Stats for Windows
[2020.02.05-22.41.38:677][  0]LogMemory: Process Physical Memory: 96.46 MB used, 96.46 MB peak
[2020.02.05-22.41.38:677][  0]LogMemory: Process Virtual Memory: 88.99 MB used, 88.99 MB peak
[2020.02.05-22.41.38:677][  0]LogMemory: Physical Memory: 7015.63 MB used,  25400.34 MB free, 32415.96 MB total
[2020.02.05-22.41.38:677][  0]LogMemory: Virtual Memory: 4653.84 MB used,  134213072.00 MB free, 134217728.00 MB total
[2020.02.05-22.41.38:708][  0]LogInit: Using OS detected language (en-US).
[2020.02.05-22.41.38:708][  0]LogInit: Using OS detected locale (en-US).
[2020.02.05-22.41.38:709][  0]LogTextLocalizationManager: No specific localization for 'en-US' exists, so the 'en' localization will be used.
[2020.02.05-22.41.38:873][  0]LogInit: Setting process to per monitor DPI aware
[2020.02.05-22.41.38:905][  0]LogSlate: New Slate User Created.  User Index 0, Is Virtual User: 0
[2020.02.05-22.41.38:905][  0]LogSlate: Slate User Registered.  User Index 0, Is Virtual User: 0
[2020.02.05-22.41.39:077][  0]LogHMD: Failed to initialize OpenVR with code 110
[2020.02.05-22.41.39:077][  0]LogD3D11RHI: D3D11 adapters:
[2020.02.05-22.41.39:140][  0]LogD3D11RHI:    0. 'NVIDIA GeForce RTX 2070' (Feature Level 11_0)
[2020.02.05-22.41.39:140][  0]LogD3D11RHI:       8031/0/16207 MB DedicatedVideo/DedicatedSystem/SharedSystem, Outputs:2, VendorId:0x10de
[2020.02.05-22.41.39:142][  0]LogD3D11RHI:    1. 'Microsoft Basic Render Driver' (Feature Level 11_0)
[2020.02.05-22.41.39:142][  0]LogD3D11RHI:       0/0/16207 MB DedicatedVideo/DedicatedSystem/SharedSystem, Outputs:0, VendorId:0x1414
[2020.02.05-22.41.39:142][  0]LogD3D11RHI: Chosen D3D11 Adapter: 0
[2020.02.05-22.41.39:147][  0]LogD3D11RHI: Creating new Direct3DDevice
[2020.02.05-22.41.39:147][  0]LogD3D11RHI:     GPU DeviceId: 0x1f07 (for the marketing name, search the web for "GPU Device Id")
[2020.02.05-22.41.39:147][  0]LogWindows: EnumDisplayDevices:
[2020.02.05-22.41.39:148][  0]LogWindows:    0. 'NVIDIA GeForce RTX 2070' (P:1 D:1)
[2020.02.05-22.41.39:148][  0]LogWindows:    1. 'NVIDIA GeForce RTX 2070' (P:0 D:1)
[2020.02.05-22.41.39:148][  0]LogWindows:    2. 'NVIDIA GeForce RTX 2070' (P:0 D:0)
[2020.02.05-22.41.39:148][  0]LogWindows:    3. 'NVIDIA GeForce RTX 2070' (P:0 D:0)
[2020.02.05-22.41.39:148][  0]LogWindows: DebugString: FoundDriverCount:4 
[2020.02.05-22.41.39:148][  0]LogD3D11RHI:     Adapter Name: NVIDIA GeForce RTX 2070
[2020.02.05-22.41.39:148][  0]LogD3D11RHI:   Driver Version: 416.34 (internal:25.21.14.1634, unified:416.34)
[2020.02.05-22.41.39:148][  0]LogD3D11RHI:      Driver Date: 10-10-2018
[2020.02.05-22.41.39:148][  0]LogRHI: Texture pool is 5621 MB (70% of 8031 MB)
[2020.02.05-22.41.39:195][  0]LogD3D11RHI: Async texture creation enabled
[2020.02.05-22.41.39:198][  0]LogRendererCore: FGlobalReadBuffer::InitRHI
[2020.02.05-22.41.39:198][  0]LogRendererCore: FGlobalReadBuffer::InitRHI
[2020.02.05-22.41.39:198][  0]LogRendererCore: FGlobalReadBuffer::InitRHI
[2020.02.05-22.41.39:212][  0]LogD3D11RHI: GPU Timing Frequency: 1000.000000 (Debug: 2 2)
[2020.02.05-22.41.39:484][  0]LogTemp: Display: Module 'AllDesktopTargetPlatform' loaded TargetPlatform 'AllDesktop'
[2020.02.05-22.41.39:496][  0]LogTemp: Display: Module 'MacClientTargetPlatform' loaded TargetPlatform 'MacClient'
[2020.02.05-22.41.39:507][  0]LogTemp: Display: Module 'MacNoEditorTargetPlatform' loaded TargetPlatform 'MacNoEditor'
[2020.02.05-22.41.39:520][  0]LogTemp: Display: Module 'MacServerTargetPlatform' loaded TargetPlatform 'MacServer'
[2020.02.05-22.41.39:536][  0]LogTemp: Display: Module 'MacTargetPlatform' loaded TargetPlatform 'Mac'
[2020.02.05-22.41.39:548][  0]LogTemp: Display: Module 'WindowsClientTargetPlatform' loaded TargetPlatform 'WindowsClient'
[2020.02.05-22.41.39:560][  0]LogTemp: Display: Module 'WindowsNoEditorTargetPlatform' loaded TargetPlatform 'WindowsNoEditor'
[2020.02.05-22.41.39:571][  0]LogTemp: Display: Module 'WindowsServerTargetPlatform' loaded TargetPlatform 'WindowsServer'
[2020.02.05-22.41.39:577][  0]LogTemp: Display: Module 'WindowsTargetPlatform' loaded TargetPlatform 'Windows'
[2020.02.05-22.41.39:660][  0]LogTemp: Display: Module 'AndroidTargetPlatform' loaded TargetPlatform 'Android'
[2020.02.05-22.41.39:660][  0]LogTemp: Display: Module 'AndroidTargetPlatform' loaded TargetPlatform 'Android_ASTC'
[2020.02.05-22.41.39:660][  0]LogTemp: Display: Module 'AndroidTargetPlatform' loaded TargetPlatform 'Android_ATC'
[2020.02.05-22.41.39:660][  0]LogTemp: Display: Module 'AndroidTargetPlatform' loaded TargetPlatform 'Android_DXT'
[2020.02.05-22.41.39:660][  0]LogTemp: Display: Module 'AndroidTargetPlatform' loaded TargetPlatform 'Android_ETC1'
[2020.02.05-22.41.39:660][  0]LogTemp: Display: Module 'AndroidTargetPlatform' loaded TargetPlatform 'Android_ETC1a'
[2020.02.05-22.41.39:660][  0]LogTemp: Display: Module 'AndroidTargetPlatform' loaded TargetPlatform 'Android_ETC2'
[2020.02.05-22.41.39:660][  0]LogTemp: Display: Module 'AndroidTargetPlatform' loaded TargetPlatform 'Android_PVRTC'
[2020.02.05-22.41.39:660][  0]LogTemp: Display: Module 'AndroidTargetPlatform' loaded TargetPlatform 'AndroidClient'
[2020.02.05-22.41.39:660][  0]LogTemp: Display: Module 'AndroidTargetPlatform' loaded TargetPlatform 'Android_ASTCClient'
[2020.02.05-22.41.39:660][  0]LogTemp: Display: Module 'AndroidTargetPlatform' loaded TargetPlatform 'Android_ATCClient'
[2020.02.05-22.41.39:660][  0]LogTemp: Display: Module 'AndroidTargetPlatform' loaded TargetPlatform 'Android_DXTClient'
[2020.02.05-22.41.39:660][  0]LogTemp: Display: Module 'AndroidTargetPlatform' loaded TargetPlatform 'Android_ETC1Client'
[2020.02.05-22.41.39:660][  0]LogTemp: Display: Module 'AndroidTargetPlatform' loaded TargetPlatform 'Android_ETC1aClient'
[2020.02.05-22.41.39:660][  0]LogTemp: Display: Module 'AndroidTargetPlatform' loaded TargetPlatform 'Android_ETC2Client'
[2020.02.05-22.41.39:660][  0]LogTemp: Display: Module 'AndroidTargetPlatform' loaded TargetPlatform 'Android_PVRTCClient'
[2020.02.05-22.41.39:660][  0]LogTemp: Display: Module 'AndroidTargetPlatform' loaded TargetPlatform 'Android_Multi'
[2020.02.05-22.41.39:660][  0]LogTemp: Display: Module 'AndroidTargetPlatform' loaded TargetPlatform 'Android_MultiClient'
[2020.02.05-22.41.39:661][  0]LogTemp: Display: Module 'HTML5TargetPlatform' loaded TargetPlatform 'HTML5'
[2020.02.05-22.41.39:706][  0]LogTemp: Display: Module 'IOSTargetPlatform' loaded TargetPlatform 'IOSClient'
[2020.02.05-22.41.39:706][  0]LogTemp: Display: Module 'IOSTargetPlatform' loaded TargetPlatform 'IOS'
[2020.02.05-22.41.39:726][  0]LogTemp: Display: Module 'TVOSTargetPlatform' loaded TargetPlatform 'TVOSClient'
[2020.02.05-22.41.39:726][  0]LogTemp: Display: Module 'TVOSTargetPlatform' loaded TargetPlatform 'TVOS'
[2020.02.05-22.41.39:736][  0]LogTemp: Display: Module 'LinuxClientTargetPlatform' loaded TargetPlatform 'LinuxClient'
[2020.02.05-22.41.39:746][  0]LogTemp: Display: Module 'LinuxNoEditorTargetPlatform' loaded TargetPlatform 'LinuxNoEditor'
[2020.02.05-22.41.39:757][  0]LogTemp: Display: Module 'LinuxServerTargetPlatform' loaded TargetPlatform 'LinuxServer'
[2020.02.05-22.41.39:768][  0]LogTemp: Display: Module 'LinuxTargetPlatform' loaded TargetPlatform 'Linux'
[2020.02.05-22.41.39:814][  0]LogTemp: Display: Module 'LuminTargetPlatform' loaded TargetPlatform 'Lumin'
[2020.02.05-22.41.39:814][  0]LogTemp: Display: Module 'LuminTargetPlatform' loaded TargetPlatform 'LuminClient'
[2020.02.05-22.41.39:814][  0]LogTargetPlatformManager: Display: Building Assets For Windows
[2020.02.05-22.41.39:821][  0]LogAudioDebug: Display: Lib vorbis DLL was dynamically loaded.
[2020.02.05-22.41.39:862][  0]LogShaderCompilers: Guid format shader working directory is -33 characters bigger than the processId version (../../../../../../Users/campbeld21/Documents/GitHub/arcade-game-lightsout/LightsOut/Intermediate/Shaders/WorkingDirectory/12388/).
[2020.02.05-22.41.39:862][  0]LogShaderCompilers: Cleaned the shader compiler working directory 'C:/Users/campbeld21/AppData/Local/Temp/UnrealShaderWorkingDir/5AAA502942361F9E5B73F9AA10112432/'.
[2020.02.05-22.41.39:864][  0]LogXGEController: Cleaning working directory: C:/Users/campbeld21/AppData/Local/Temp/UnrealXGEWorkingDir/
[2020.02.05-22.41.39:864][  0]LogXGEController: Cannot use XGE Controller as Incredibuild is not installed on this machine.
[2020.02.05-22.41.39:864][  0]LogShaderCompilers: Cannot use XGE Shader Compiler as Incredibuild is not installed on this machine.
[2020.02.05-22.41.39:864][  0]LogShaderCompilers: Display: Using Local Shader Compiler.
[2020.02.05-22.41.40:445][  0]LogDerivedDataCache: Display: Max Cache Size: 512 MB
[2020.02.05-22.41.40:498][  0]LogDerivedDataCache: Loaded boot cache 0.05s 73MB C:/Users/campbeld21/AppData/Local/UnrealEngine/4.22/DerivedDataCache/Boot.ddc.
[2020.02.05-22.41.40:498][  0]LogDerivedDataCache: Display: Loaded Boot cache: C:/Users/campbeld21/AppData/Local/UnrealEngine/4.22/DerivedDataCache/Boot.ddc
[2020.02.05-22.41.40:498][  0]LogDerivedDataCache: FDerivedDataBackendGraph:  Pak pak cache file ../../../../../../Users/campbeld21/Documents/GitHub/arcade-game-lightsout/LightsOut/DerivedDataCache/DDC.ddp not found, will not use a pak cache.
[2020.02.05-22.41.40:498][  0]LogDerivedDataCache: Unable to find inner node Pak for hierarchical cache Hierarchy.
[2020.02.05-22.41.40:498][  0]LogDerivedDataCache: FDerivedDataBackendGraph:  CompressedPak pak cache file ../../../../../../Users/campbeld21/Documents/GitHub/arcade-game-lightsout/LightsOut/DerivedDataCache/Compressed.ddp not found, will not use a pak cache.
[2020.02.05-22.41.40:498][  0]LogDerivedDataCache: Unable to find inner node CompressedPak for hierarchical cache Hierarchy.
[2020.02.05-22.41.40:511][  0]LogDerivedDataCache: Display: Pak cache opened for reading ../../../Engine/DerivedDataCache/Compressed.ddp.
[2020.02.05-22.41.40:511][  0]LogDerivedDataCache: FDerivedDataBackendGraph:  EnterprisePak pak cache file ../../../Enterprise/DerivedDataCache/Compressed.ddp not found, will not use a pak cache.
[2020.02.05-22.41.40:511][  0]LogDerivedDataCache: Unable to find inner node EnterprisePak for hierarchical cache Hierarchy.
[2020.02.05-22.41.40:523][  0]LogDerivedDataCache: Using Local data cache path C:/Users/campbeld21/AppData/Local/UnrealEngine/Common/DerivedDataCache: Writable
[2020.02.05-22.41.40:523][  0]LogDerivedDataCache: Shared data cache path not found in *engine.ini, will not use an Shared cache.
[2020.02.05-22.41.40:523][  0]LogDerivedDataCache: Unable to find inner node Shared for hierarchical cache Hierarchy.
[2020.02.05-22.41.40:564][  0]LogMaterial: Verifying Global Shaders for PCD3D_SM5
[2020.02.05-22.41.40:565][  0]LogSlate: Using FreeType 2.6.0
[2020.02.05-22.41.40:566][  0]LogSlate: SlateFontServices - WITH_FREETYPE: 1, WITH_HARFBUZZ: 1
[2020.02.05-22.41.40:642][  0]LogAssetRegistry: FAssetRegistry took 0.0319 seconds to start up
[2020.02.05-22.41.40:946][  0]LogInit: Selected Device Profile: [Windows]
[2020.02.05-22.41.41:069][  0]LogMeshReduction: Using QuadricMeshReduction for automatic static mesh reduction
[2020.02.05-22.41.41:069][  0]LogMeshReduction: Using SimplygonMeshReduction for automatic skeletal mesh reduction
[2020.02.05-22.41.41:069][  0]LogMeshReduction: Using ProxyLODMeshReduction for automatic mesh merging
[2020.02.05-22.41.41:069][  0]LogMeshReduction: No distributed automatic mesh merging module available
[2020.02.05-22.41.41:069][  0]LogMeshMerging: No distributed automatic mesh merging module available
[2020.02.05-22.41.41:087][  0]LogNetVersion: LightsOut 1.0.0, NetCL: 5660361, EngineNetVer: 10, GameNetVer: 0 (Checksum: 845501272)
[2020.02.05-22.41.41:472][  0]LogPackageLocalizationCache: Processed 10 localized package path(s) for 1 prioritized culture(s) in 0.052797 seconds
[2020.02.05-22.41.41:479][  0]LogUObjectArray: 42205 objects as part of root set at end of initial load.
[2020.02.05-22.41.41:479][  0]LogUObjectAllocator: 7325032 out of 0 bytes used by permanent object pool.
[2020.02.05-22.41.41:479][  0]LogUObjectArray: CloseDisregardForGC: 0/0 objects in disregard for GC pool
[2020.02.05-22.41.42:240][  0]LogTcpMessaging: Initializing TcpMessaging bridge
[2020.02.05-22.41.42:253][  0]LogUdpMessaging: Initializing bridge on interface 0.0.0.0:0 to multicast group 230.0.0.1:6666.
[2020.02.05-22.41.42:369][  0]SourceControl: Source control is disabled
[2020.02.05-22.41.42:728][  0]LogAndroidPermission: UAndroidPermissionCallbackProxy::GetInstance
[2020.02.05-22.41.42:829][  0]LogOcInput: OculusInput pre-init called
[2020.02.05-22.41.43:485][  0]LogEngine: Initializing Engine...
[2020.02.05-22.41.43:486][  0]LogHMD: Failed to initialize OpenVR with code 110
[2020.02.05-22.41.43:487][  0]LogStats: UGameplayTagsManager::InitializeManager -  0.000 s
[2020.02.05-22.41.43:678][  0]LogInit: Initializing FReadOnlyCVARCache
[2020.02.05-22.41.43:689][  0]LogAIModule: Creating AISystem for world Untitled
[2020.02.05-22.41.43:699][  0]LogInit: XAudio2 using 'Speakers (2- Realtek High Definition Audio)' : 2 channels at 48 kHz using 32 bits per sample (channel mask 0x3)
[2020.02.05-22.41.43:741][  0]LogInit: FAudioDevice initialized.
[2020.02.05-22.41.43:742][  0]LogNetVersion: Set ProjectVersion to 1.0.0.0. Version Checksum will be recalculated on next use.
[2020.02.05-22.41.43:788][  0]LogDerivedDataCache: Saved boot cache 0.05s 71MB C:/Users/campbeld21/AppData/Local/UnrealEngine/4.22/DerivedDataCache/Boot.ddc.
[2020.02.05-22.41.43:793][  0]LogInit: Texture streaming: Enabled
[2020.02.05-22.41.43:818][  0]LogEngineSessionManager: EngineSessionManager initialized
[2020.02.05-22.41.43:834][  0]LogInit: Transaction tracking system initialized
[2020.02.05-22.41.43:851][  0]BlueprintLog: New page: Editor Load
[2020.02.05-22.41.43:912][  0]LocalizationService: Localization service is disabled
[2020.02.05-22.41.44:223][  0]LogFileCache: Scanning file cache for directory 'C:/Users/campbeld21/Documents/GitHub/arcade-game-lightsout/LightsOut/Content/' took 0.01s
[2020.02.05-22.41.44:223][  0]LogCook: Display: Max memory allowance for cook 16384mb min free memory 0mb
[2020.02.05-22.41.44:223][  0]LogCook: Display: Mobile HDR setting 1
[2020.02.05-22.41.44:370][  0]Cmd: MAP LOAD FILE="../../../../../../Users/campbeld21/Documents/GitHub/arcade-game-lightsout/LightsOut/Content/TopDownBP/Maps/TopDownExampleMap.umap" TEMPLATE=0 SHOWPROGRESS=1 FEATURELEVEL=3
[2020.02.05-22.41.44:370][  0]LightingResults: New page: Lighting Build
[2020.02.05-22.41.44:372][  0]MapCheck: New page: Map Check
[2020.02.05-22.41.44:372][  0]LightingResults: New page: Lighting Build
[2020.02.05-22.41.44:407][  0]LogUObjectHash: Compacting FUObjectHashTables data took   1.48ms
[2020.02.05-22.41.44:838][  0]LogAIModule: Creating AISystem for world TopDownExampleMap
[2020.02.05-22.41.44:880][  0]LogEditorServer: Finished looking for orphan Actors (0.000 secs)
[2020.02.05-22.41.44:913][  0]LogUObjectHash: Compacting FUObjectHashTables data took   2.24ms
[2020.02.05-22.41.44:913][  0]Cmd: MAP CHECKDEP NOCLEARLOG
[2020.02.05-22.41.44:913][  0]MapCheck: Map check complete: 0 Error(s), 0 Warning(s), took 0.109ms to complete.
[2020.02.05-22.41.44:913][  0]LogFileHelpers: Loading map 'TopDownExampleMap' took 0.544
[2020.02.05-22.41.45:035][  0]LogSlate: Updating window title bar state: overlay mode, drag disabled, window buttons hidden, title bar hidden
[2020.02.05-22.41.45:045][  0]LogSlate: Updating window title bar state: overlay mode, drag disabled, window buttons hidden, title bar hidden
[2020.02.05-22.41.45:054][  0]LogSlate: Updating window title bar state: overlay mode, drag disabled, window buttons hidden, title bar hidden
[2020.02.05-22.41.45:062][  0]LogSlate: Updating window title bar state: overlay mode, drag disabled, window buttons hidden, title bar hidden
[2020.02.05-22.41.45:068][  0]LogCollectionManager: Loaded 0 collections in 0.001951 seconds
[2020.02.05-22.41.45:096][  0]LogFileCache: Scanning file cache for directory 'C:/Users/campbeld21/Documents/GitHub/arcade-game-lightsout/LightsOut/Saved/Collections/' took 0.01s
[2020.02.05-22.41.45:096][  0]LogFileCache: Scanning file cache for directory 'C:/Users/campbeld21/Documents/GitHub/arcade-game-lightsout/LightsOut/Content/Developers/campbeld21/Collections/' took 0.01s
[2020.02.05-22.41.45:096][  0]LogFileCache: Scanning file cache for directory 'C:/Users/campbeld21/Documents/GitHub/arcade-game-lightsout/LightsOut/Content/Collections/' took 0.00s
[2020.02.05-22.41.45:096][  0]LogCollectionManager: Rebuilt the GUID cache for 0 collections in 0.000001 seconds
[2020.02.05-22.41.45:107][  0]LogContentBrowser: Native class hierarchy populated in 0.0101 seconds. Added 2732 classes and 659 folders.
[2020.02.05-22.41.45:114][  0]LogContentBrowser: Native class hierarchy updated for 'WidgetCarousel' in 0.0004 seconds. Added 0 classes and 0 folders.
[2020.02.05-22.41.45:115][  0]LogPakFile: Registered encryption key '00000000000000000000000000000000': 0 pak files mounted, 0 remain pending
[2020.02.05-22.41.45:116][  0]LogPakFile: Registered encryption key '00000000000000000000000000000000': 0 pak files mounted, 0 remain pending
[2020.02.05-22.41.45:117][  0]LogPakFile: Registered encryption key '00000000000000000000000000000000': 0 pak files mounted, 0 remain pending
[2020.02.05-22.41.45:117][  0]LogPakFile: Registered encryption key '00000000000000000000000000000000': 0 pak files mounted, 0 remain pending
[2020.02.05-22.41.45:118][  0]LogPakFile: Registered encryption key '00000000000000000000000000000000': 0 pak files mounted, 0 remain pending
[2020.02.05-22.41.45:118][  0]LogPakFile: Registered encryption key '00000000000000000000000000000000': 0 pak files mounted, 0 remain pending
[2020.02.05-22.41.45:119][  0]LogPakFile: Registered encryption key '00000000000000000000000000000000': 0 pak files mounted, 0 remain pending
[2020.02.05-22.41.45:119][  0]LogPakFile: Registered encryption key '00000000000000000000000000000000': 0 pak files mounted, 0 remain pending
[2020.02.05-22.41.45:120][  0]LogPakFile: Registered encryption key '00000000000000000000000000000000': 0 pak files mounted, 0 remain pending
[2020.02.05-22.41.45:120][  0]LogPakFile: Registered encryption key '00000000000000000000000000000000': 0 pak files mounted, 0 remain pending
[2020.02.05-22.41.45:121][  0]LogPakFile: Registered encryption key '00000000000000000000000000000000': 0 pak files mounted, 0 remain pending
[2020.02.05-22.41.45:121][  0]LogPakFile: Registered encryption key '00000000000000000000000000000000': 0 pak files mounted, 0 remain pending
[2020.02.05-22.41.45:122][  0]LogPakFile: Registered encryption key '00000000000000000000000000000000': 0 pak files mounted, 0 remain pending
[2020.02.05-22.41.45:122][  0]LogPakFile: Registered encryption key '00000000000000000000000000000000': 0 pak files mounted, 0 remain pending
[2020.02.05-22.41.45:123][  0]LogPakFile: Registered encryption key '00000000000000000000000000000000': 0 pak files mounted, 0 remain pending
[2020.02.05-22.41.45:123][  0]LogPakFile: Registered encryption key '00000000000000000000000000000000': 0 pak files mounted, 0 remain pending
[2020.02.05-22.41.45:123][  0]LogPakFile: Registered encryption key '00000000000000000000000000000000': 0 pak files mounted, 0 remain pending
[2020.02.05-22.41.45:124][  0]LogPakFile: Registered encryption key '00000000000000000000000000000000': 0 pak files mounted, 0 remain pending
[2020.02.05-22.41.45:124][  0]LogPakFile: Registered encryption key '00000000000000000000000000000000': 0 pak files mounted, 0 remain pending
[2020.02.05-22.41.45:125][  0]LogPakFile: Registered encryption key '00000000000000000000000000000000': 0 pak files mounted, 0 remain pending
[2020.02.05-22.41.45:125][  0]LogPakFile: Registered encryption key '00000000000000000000000000000000': 0 pak files mounted, 0 remain pending
[2020.02.05-22.41.45:126][  0]LogPakFile: Registered encryption key '00000000000000000000000000000000': 0 pak files mounted, 0 remain pending
[2020.02.05-22.41.45:126][  0]LogPakFile: Registered encryption key '00000000000000000000000000000000': 0 pak files mounted, 0 remain pending
[2020.02.05-22.41.45:127][  0]LogPakFile: Registered encryption key '00000000000000000000000000000000': 0 pak files mounted, 0 remain pending
[2020.02.05-22.41.45:127][  0]LogPakFile: Registered encryption key '00000000000000000000000000000000': 0 pak files mounted, 0 remain pending
[2020.02.05-22.41.45:128][  0]LogPakFile: Registered encryption key '00000000000000000000000000000000': 0 pak files mounted, 0 remain pending
[2020.02.05-22.41.45:151][  0]LogContentBrowser: Native class hierarchy updated for 'AddContentDialog' in 0.0003 seconds. Added 0 classes and 0 folders.
[2020.02.05-22.41.45:160][  0]LogContentBrowser: Native class hierarchy updated for 'SceneOutliner' in 0.0004 seconds. Added 1 classes and 2 folders.
[2020.02.05-22.41.45:172][  0]LogSlate: Took 0.000188 seconds to synchronously load lazily loaded font '../../../Engine/Content/Slate/Fonts/Roboto-Regular.ttf' (155K)
[2020.02.05-22.41.45:174][  0]LogSlate: Took 0.000188 seconds to synchronously load lazily loaded font '../../../Engine/Content/Slate/Fonts/Roboto-Bold.ttf' (160K)
[2020.02.05-22.41.45:181][  0]LogSlate: Took 0.000191 seconds to synchronously load lazily loaded font '../../../Engine/Content/Editor/Slate/Fonts/FontAwesome.ttf' (139K)
[2020.02.05-22.41.45:239][  0]LogRenderer: Reallocating scene render targets to support 904x456 Format 10 NumSamples 1 (Frame:1).
[2020.02.05-22.41.45:309][  0]LogSlate: FSceneViewport::OnFocusLost() reason 2
[2020.02.05-22.41.45:322][  0]LogSlate: Window 'Tutorials' being destroyed
[2020.02.05-22.41.45:351][  0]LogContentBrowser: Native class hierarchy updated for 'HierarchicalLODOutliner' in 0.0003 seconds. Added 0 classes and 0 folders.
[2020.02.05-22.41.45:351][  0]LogLoad: (Engine Initialization) Total time: 8.40 seconds
[2020.02.05-22.41.45:351][  0]LogLoad: (Engine Initialization) Total Blueprint compile time: 0.00 seconds
[2020.02.05-22.41.45:361][  0]LogWindowsTextInputMethodSystem: Display: IME system now deactivated.
[2020.02.05-22.41.45:387][  0]LogAssetRegistry: Asset discovery search completed in 4.7676 seconds
[2020.02.05-22.41.45:390][  0]LogCollectionManager: Rebuilt the object cache for 0 collections in 0.000001 seconds (found 0 objects)
[2020.02.05-22.41.45:390][  0]LogCollectionManager: Fixed up redirectors for 0 collections in 0.000042 seconds (updated 0 objects)
[2020.02.05-22.41.45:459][  0]LogContentStreaming: Texture pool size now 1000 MB
[2020.02.05-22.41.45:485][  0]LogSlate: Took 0.000158 seconds to synchronously load lazily loaded font '../../../Engine/Content/Slate/Fonts/Roboto-Light.ttf' (167K)
[2020.02.05-22.41.48:154][307]LogSlate: FSceneViewport::OnFocusLost() reason 0
[2020.02.05-22.41.59:268][601]LogSlate: FSceneViewport::OnFocusLost() reason 0
[2020.02.05-22.41.59:334][609]LogTemp: Repeating last play command: New Editor Window (PIE)
[2020.02.05-22.41.59:347][609]LogBlueprintUserMessages: Early PlayInEditor Detection: Level '/Game/TopDownBP/Maps/TopDownExampleMap.TopDownExampleMap:PersistentLevel' has LevelScriptBlueprint '/Game/TopDownBP/Maps/TopDownExampleMap.TopDownExampleMap:PersistentLevel.TopDownExampleMap' with GeneratedClass '/Game/TopDownBP/Maps/TopDownExampleMap.TopDownExampleMap_C' with ClassGeneratedBy '/Game/TopDownBP/Maps/TopDownExampleMap.TopDownExampleMap:PersistentLevel.TopDownExampleMap'
[2020.02.05-22.41.59:347][609]LogPlayLevel: PlayLevel: No blueprints needed recompiling
[2020.02.05-22.41.59:347][609]PIE: New page: PIE session: TopDownExampleMap (Feb 5, 2020, 6:41:59 AM)
[2020.02.05-22.41.59:360][609]LogPlayLevel: Creating play world package: /Game/TopDownBP/Maps/UEDPIE_0_TopDownExampleMap
[2020.02.05-22.41.59:390][609]LogPlayLevel: PIE: StaticDuplicateObject took: (0.029459s)
[2020.02.05-22.41.59:390][609]LogAIModule: Creating AISystem for world TopDownExampleMap
[2020.02.05-22.41.59:390][609]LogPlayLevel: PIE: World Init took: (0.000635s)
[2020.02.05-22.41.59:390][609]LogPlayLevel: PIE: Created PIE world by copying editor world from /Game/TopDownBP/Maps/TopDownExampleMap.TopDownExampleMap to /Game/TopDownBP/Maps/UEDPIE_0_TopDownExampleMap.TopDownExampleMap (0.030370s)
[2020.02.05-22.41.59:424][609]LogUObjectHash: Compacting FUObjectHashTables data took   1.12ms
[2020.02.05-22.41.59:430][609]LogInit: XAudio2 using 'Speakers (2- Realtek High Definition Audio)' : 2 channels at 48 kHz using 32 bits per sample (channel mask 0x3)
[2020.02.05-22.41.59:445][609]LogInit: FAudioDevice initialized.
[2020.02.05-22.41.59:448][609]LogSlate: Updating window title bar state: overlay mode, drag disabled, window buttons hidden, title bar hidden
[2020.02.05-22.41.59:490][609]LogLoad: Game class is 'TopDownGameMode_C'
[2020.02.05-22.41.59:495][609]LogWorld: Bringing World /Game/TopDownBP/Maps/UEDPIE_0_TopDownExampleMap.TopDownExampleMap up for play (max tick rate 0) at 2020.02.05-14.41.59
[2020.02.05-22.41.59:496][609]LogWorld: Bringing up level for play took: 0.005332
[2020.02.05-22.41.59:512][609]LogContentBrowser: Native class hierarchy updated for 'MovieSceneCapture' in 0.0003 seconds. Added 20 classes and 0 folders.
[2020.02.05-22.41.59:516][609]PIE: Play in editor start time for /Game/TopDownBP/Maps/UEDPIE_0_TopDownExampleMap 0.37
[2020.02.05-22.41.59:516][609]LogBlueprintUserMessages: Late PlayInEditor Detection: Level '/Game/TopDownBP/Maps/TopDownExampleMap.TopDownExampleMap:PersistentLevel' has LevelScriptBlueprint '/Game/TopDownBP/Maps/TopDownExampleMap.TopDownExampleMap:PersistentLevel.TopDownExampleMap' with GeneratedClass '/Game/TopDownBP/Maps/TopDownExampleMap.TopDownExampleMap_C' with ClassGeneratedBy '/Game/TopDownBP/Maps/TopDownExampleMap.TopDownExampleMap:PersistentLevel.TopDownExampleMap'
[2020.02.05-22.41.59:557][610]LogRenderer: Reallocating scene render targets to support 1272x688 Format 10 NumSamples 1 (Frame:1).
[2020.02.05-22.42.12:297][391]LogBlueprintUserMessages: Early EndPlayMap Detection: Level '/Game/TopDownBP/Maps/TopDownExampleMap.TopDownExampleMap:PersistentLevel' has LevelScriptBlueprint '/Game/TopDownBP/Maps/TopDownExampleMap.TopDownExampleMap:PersistentLevel.TopDownExampleMap' with GeneratedClass '/Game/TopDownBP/Maps/TopDownExampleMap.TopDownExampleMap_C' with ClassGeneratedBy '/Game/TopDownBP/Maps/TopDownExampleMap.TopDownExampleMap:PersistentLevel.TopDownExampleMap'
[2020.02.05-22.42.12:297][391]LogSlate: Updating window title bar state: overlay mode, drag disabled, window buttons hidden, title bar hidden
[2020.02.05-22.42.12:319][391]LogSlate: Window 'LightsOut Game Preview Standalone (64-bit/PCD3D_SM5)' being destroyed
[2020.02.05-22.42.12:371][391]LogPlayLevel: Display: Shutting down PIE online subsystems
[2020.02.05-22.42.12:371][391]LogBlueprintUserMessages: Late EndPlayMap Detection: Level '/Game/TopDownBP/Maps/TopDownExampleMap.TopDownExampleMap:PersistentLevel' has LevelScriptBlueprint '/Game/TopDownBP/Maps/TopDownExampleMap.TopDownExampleMap:PersistentLevel.TopDownExampleMap' with GeneratedClass '/Game/TopDownBP/Maps/TopDownExampleMap.TopDownExampleMap_C' with ClassGeneratedBy '/Game/TopDownBP/Maps/TopDownExampleMap.TopDownExampleMap:PersistentLevel.TopDownExampleMap'
[2020.02.05-22.42.12:509][391]LogUObjectHash: Compacting FUObjectHashTables data took   3.27ms
[2020.02.05-22.42.12:523][392]LogPlayLevel: Display: Destroying online subsystem :Context_5
[2020.02.05-22.45.02:715][374]LogSlate: FSceneViewport::OnFocusLost() reason 0
[2020.02.05-22.45.02:774][374]LogTemp: Repeating last play command: New Editor Window (PIE)
[2020.02.05-22.45.02:790][374]LogBlueprintUserMessages: Early PlayInEditor Detection: Level '/Game/TopDownBP/Maps/TopDownExampleMap.TopDownExampleMap:PersistentLevel' has LevelScriptBlueprint '/Game/TopDownBP/Maps/TopDownExampleMap.TopDownExampleMap:PersistentLevel.TopDownExampleMap' with GeneratedClass '/Game/TopDownBP/Maps/TopDownExampleMap.TopDownExampleMap_C' with ClassGeneratedBy '/Game/TopDownBP/Maps/TopDownExampleMap.TopDownExampleMap:PersistentLevel.TopDownExampleMap'
[2020.02.05-22.45.02:790][374]LogPlayLevel: PlayLevel: No blueprints needed recompiling
[2020.02.05-22.45.02:790][374]PIE: New page: PIE session: TopDownExampleMap (Feb 5, 2020, 6:45:02 AM)
[2020.02.05-22.45.02:791][374]LogPlayLevel: Creating play world package: /Game/TopDownBP/Maps/UEDPIE_0_TopDownExampleMap
[2020.02.05-22.45.02:811][374]LogPlayLevel: PIE: StaticDuplicateObject took: (0.020636s)
[2020.02.05-22.45.02:812][374]LogAIModule: Creating AISystem for world TopDownExampleMap
[2020.02.05-22.45.02:812][374]LogPlayLevel: PIE: World Init took: (0.000666s)
[2020.02.05-22.45.02:812][374]LogPlayLevel: PIE: Created PIE world by copying editor world from /Game/TopDownBP/Maps/TopDownExampleMap.TopDownExampleMap to /Game/TopDownBP/Maps/UEDPIE_0_TopDownExampleMap.TopDownExampleMap (0.021455s)
[2020.02.05-22.45.02:839][374]LogUObjectHash: Compacting FUObjectHashTables data took   1.36ms
[2020.02.05-22.45.02:844][374]LogInit: XAudio2 using 'Speakers (2- Realtek High Definition Audio)' : 2 channels at 48 kHz using 32 bits per sample (channel mask 0x3)
[2020.02.05-22.45.02:858][374]LogInit: FAudioDevice initialized.
[2020.02.05-22.45.02:862][374]LogSlate: Updating window title bar state: overlay mode, drag disabled, window buttons hidden, title bar hidden
[2020.02.05-22.45.02:895][374]LogLoad: Game class is 'TopDownGameMode_C'
[2020.02.05-22.45.02:900][374]LogWorld: Bringing World /Game/TopDownBP/Maps/UEDPIE_0_TopDownExampleMap.TopDownExampleMap up for play (max tick rate 0) at 2020.02.05-14.45.02
[2020.02.05-22.45.02:901][374]LogWorld: Bringing up level for play took: 0.005644
[2020.02.05-22.45.02:916][374]PIE: Play in editor start time for /Game/TopDownBP/Maps/UEDPIE_0_TopDownExampleMap -0.23
[2020.02.05-22.45.02:916][374]LogBlueprintUserMessages: Late PlayInEditor Detection: Level '/Game/TopDownBP/Maps/TopDownExampleMap.TopDownExampleMap:PersistentLevel' has LevelScriptBlueprint '/Game/TopDownBP/Maps/TopDownExampleMap.TopDownExampleMap:PersistentLevel.TopDownExampleMap' with GeneratedClass '/Game/TopDownBP/Maps/TopDownExampleMap.TopDownExampleMap_C' with ClassGeneratedBy '/Game/TopDownBP/Maps/TopDownExampleMap.TopDownExampleMap:PersistentLevel.TopDownExampleMap'
[2020.02.05-22.45.05:180][613]LogBlueprintUserMessages: Early EndPlayMap Detection: Level '/Game/TopDownBP/Maps/TopDownExampleMap.TopDownExampleMap:PersistentLevel' has LevelScriptBlueprint '/Game/TopDownBP/Maps/TopDownExampleMap.TopDownExampleMap:PersistentLevel.TopDownExampleMap' with GeneratedClass '/Game/TopDownBP/Maps/TopDownExampleMap.TopDownExampleMap_C' with ClassGeneratedBy '/Game/TopDownBP/Maps/TopDownExampleMap.TopDownExampleMap:PersistentLevel.TopDownExampleMap'
[2020.02.05-22.45.05:180][613]LogSlate: Updating window title bar state: overlay mode, drag disabled, window buttons hidden, title bar hidden
[2020.02.05-22.45.05:194][613]LogSlate: Window 'LightsOut Game Preview Standalone (64-bit/PCD3D_SM5)' being destroyed
[2020.02.05-22.45.05:228][613]LogPlayLevel: Display: Shutting down PIE online subsystems
[2020.02.05-22.45.05:228][613]LogBlueprintUserMessages: Late EndPlayMap Detection: Level '/Game/TopDownBP/Maps/TopDownExampleMap.TopDownExampleMap:PersistentLevel' has LevelScriptBlueprint '/Game/TopDownBP/Maps/TopDownExampleMap.TopDownExampleMap:PersistentLevel.TopDownExampleMap' with GeneratedClass '/Game/TopDownBP/Maps/TopDownExampleMap.TopDownExampleMap_C' with ClassGeneratedBy '/Game/TopDownBP/Maps/TopDownExampleMap.TopDownExampleMap:PersistentLevel.TopDownExampleMap'
[2020.02.05-22.45.05:273][613]LogUObjectHash: Compacting FUObjectHashTables data took   1.37ms
[2020.02.05-22.45.05:291][614]LogPlayLevel: Display: Destroying online subsystem :Context_6
